	add, ID = 0, 12500
	add, ID = 1, 2100
	add, ID = 2, 4100
	add, ID = 3, 3900
	add, ID = 4, 1600
	add, ID = 5, 3700
	add, ID = 6, 6200
	add, ID = 7, 1800
	add, ID = 8, 1300
	add, ID = 9, 5200
	add, ID = 10, 12900
	add, ID = 11, 6800
	add, ID = 12, 2000
	add, ID = 13, 11000
	add, ID = 14, 1900
	add, ID = 15, 16600
	add, ID = 16, 1500
	add, ID = 17, 3900
	add, ID = 18, 1400
	add, ID = 19, 3500
	add, ID = 20, 5800
	add, ID = 21, 1100
	add, ID = 22, 19500
	add, ID = 23, 1200
	add, ID = 24, 3300
	add, ID = 25, 1100
	add, ID = 26, 2400
	add, ID = 27, 1200
	add, ID = 28, 1100
	add, ID = 29, 1000
	add, ID = 30, 1600
	add, ID = 31, 2600
	add, ID = 32, 3600
	add, ID = 33, 8900
	add, ID = 34, 5000
	add, ID = 35, 1600
	add, ID = 36, 1500
	add, ID = 37, 1700
	add, ID = 38, 1900
	add, ID = 39, 1300
	add, ID = 40, 1300
	add, ID = 41, 3300
	add, ID = 42, 1500
	add, ID = 43, 3500
	add, ID = 44, 1200
	add, ID = 45, 3300
	add, ID = 46, 1200
	add, ID = 47, 3300
	add, ID = 48, 1200
	add, ID = 49, 10400
	add, ID = 50, 1200
	add, ID = 51, 3100
	add, ID = 52, 1100
	add, ID = 53, 1100
	add, ID = 54, 1000
	add, ID = 55, 3400
	add, ID = 56, 1100
	add, ID = 57, 5800
	add, ID = 58, 3100
	add, ID = 59, 3700
	add, ID = 60, 1500
	add, ID = 61, 1200
	add, ID = 62, 1100
	add, ID = 63, 3400
	add, ID = 64, 1400
	add, ID = 65, 14700
	add, ID = 66, 28200
	add, ID = 67, 4100
	add, ID = 68, 1800
	add, ID = 69, 4100
	add, ID = 70, 3700
	add, ID = 71, 1600
	add, ID = 72, 7200
	add, ID = 73, 16700
	add, ID = 74, 3400
	add, ID = 75, 6100
	add, ID = 76, 1300
	add, ID = 77, 1100
	add, ID = 78, 1200
	add, ID = 79, 1100
	add, ID = 80, 1100
	add, ID = 81, 1000
	add, ID = 82, 1000
	add, ID = 83, 1500
	add, ID = 84, 3500
	add, ID = 85, 1300
	add, ID = 86, 1000
	add, ID = 87, 1100
	add, ID = 88, 3900
	add, ID = 89, 3400
	add, ID = 90, 5600
	add, ID = 91, 5600
	add, ID = 92, 1700
	add, ID = 93, 1800
	add, ID = 94, 2100
	add, ID = 95, 4300
	add, ID = 96, 4200
	add, ID = 97, 1300
	add, ID = 98, 1200
	add, ID = 99, 3500
	add, ID = 100, 1100
	add, ID = 101, 19400
	add, ID = 102, 1400
	add, ID = 103, 1200
	add, ID = 104, 1100
	add, ID = 105, 800
	add, ID = 106, 3100
	add, ID = 107, 800
	add, ID = 108, 1600
	add, ID = 109, 33500
	add, ID = 110, 3200
	add, ID = 111, 1200
	add, ID = 112, 900
	add, ID = 113, 1200
	add, ID = 114, 5700
	add, ID = 115, 3100
	add, ID = 116, 3100
	add, ID = 117, 700
	add, ID = 118, 1400
	add, ID = 119, 4000
	add, ID = 120, 1100
	add, ID = 121, 1500
	add, ID = 122, 6000
	add, ID = 123, 3500
	add, ID = 124, 3300
	add, ID = 125, 3200
	add, ID = 126, 1100
	add, ID = 127, 900
	add, ID = 128, 3200
	add, ID = 129, 800
	add, ID = 130, 900
	add, ID = 131, 1000
	add, ID = 132, 5400
	add, ID = 133, 3200
	add, ID = 134, 900
	add, ID = 135, 900
	add, ID = 136, 900
	add, ID = 137, 900
	add, ID = 138, 3100
	add, ID = 139, 3100
	add, ID = 140, 900
	add, ID = 141, 900
	add, ID = 142, 900
	add, ID = 143, 3100
	add, ID = 144, 2900
	add, ID = 145, 1800
	add, ID = 146, 3700
	add, ID = 147, 3600
	add, ID = 148, 1600
	add, ID = 149, 1000
	add, ID = 150, 3300
	add, ID = 151, 900
	add, ID = 152, 3300
	add, ID = 153, 900
	add, ID = 154, 800
	add, ID = 155, 3200
	add, ID = 156, 700
	add, ID = 157, 900
	add, ID = 158, 3100
	add, ID = 159, 800
	add, ID = 160, 3000
	add, ID = 161, 1000
	add, ID = 162, 3100
	add, ID = 163, 17600
	add, ID = 164, 900
	add, ID = 165, 900
	add, ID = 166, 3100
	add, ID = 167, 7700
	add, ID = 168, 900
	add, ID = 169, 900
	add, ID = 170, 3100
	add, ID = 171, 800
	add, ID = 172, 3300
	add, ID = 173, 3100
	add, ID = 174, 3000
	add, ID = 175, 1000
	add, ID = 176, 1700
	add, ID = 177, 1200
	add, ID = 178, 3600
	add, ID = 179, 900
	add, ID = 180, 6500
	add, ID = 181, 2600
	add, ID = 182, 3600
	add, ID = 183, 3400
	add, ID = 184, 3300
	add, ID = 185, 800
	add, ID = 186, 900
	add, ID = 187, 1000
	add, ID = 188, 3700
	add, ID = 189, 1200
	add, ID = 190, 1400
	add, ID = 191, 5500
	add, ID = 192, 3200
	add, ID = 193, 3200
	add, ID = 194, 800
	add, ID = 195, 900
	add, ID = 196, 800
	add, ID = 197, 1200
	add, ID = 198, 3200
	add, ID = 199, 900
	add, ID = 200, 1000
	add, ID = 201, 900
	add, ID = 202, 6400
	add, ID = 203, 800
	add, ID = 204, 900
	add, ID = 205, 1100
	add, ID = 206, 1200
	add, ID = 207, 1500
	add, ID = 208, 3500
	add, ID = 209, 1400
	add, ID = 210, 1100
	add, ID = 211, 1200
	add, ID = 212, 900
	add, ID = 213, 3500
	add, ID = 214, 6300
	add, ID = 215, 1100
	add, ID = 216, 3100
	add, ID = 217, 900
	add, ID = 218, 900
	add, ID = 219, 800
	add, ID = 220, 3200
	add, ID = 221, 800
	add, ID = 222, 900
	add, ID = 223, 2900
	add, ID = 224, 2900
	add, ID = 225, 3200
	add, ID = 226, 3000
	add, ID = 227, 3100
	add, ID = 228, 800
	add, ID = 229, 900
	add, ID = 230, 900
	add, ID = 231, 3000
	add, ID = 232, 800
	add, ID = 233, 800
	add, ID = 234, 800
	add, ID = 235, 900
	add, ID = 236, 3200
	add, ID = 237, 1000
	add, ID = 238, 3800
	add, ID = 239, 6100
	add, ID = 240, 3800
	add, ID = 241, 1600
	add, ID = 242, 1100
	add, ID = 243, 1000
	add, ID = 244, 11600
	add, ID = 245, 800
	add, ID = 246, 3200
	add, ID = 247, 1000
	add, ID = 248, 1000
	add, ID = 249, 800
	add, ID = 250, 800
	add, ID = 251, 1000
	add, ID = 252, 3500
	add, ID = 253, 900
	add, ID = 254, 3100
	add, ID = 255, 3100
	add, ID = 256, 900
	add, ID = 257, 800
	add, ID = 258, 900
	add, ID = 259, 3100
	add, ID = 260, 3300
	add, ID = 261, 3200
	add, ID = 262, 800
	add, ID = 263, 800
	add, ID = 264, 2900
	add, ID = 265, 3100
	add, ID = 266, 3000
	add, ID = 267, 1700
	add, ID = 268, 4000
	add, ID = 269, 6400
	add, ID = 270, 1400
	add, ID = 271, 1500
	add, ID = 272, 1000
	add, ID = 273, 1000
	add, ID = 274, 3500
	add, ID = 275, 900
	add, ID = 276, 3000
	add, ID = 277, 3300
	add, ID = 278, 800
	add, ID = 279, 1000
	add, ID = 280, 1000
	add, ID = 281, 3200
	add, ID = 282, 900
	add, ID = 283, 800
	add, ID = 284, 800
	add, ID = 285, 3100
	add, ID = 286, 900
	add, ID = 287, 2900
	add, ID = 288, 3000
	add, ID = 289, 2900
	add, ID = 290, 800
	add, ID = 291, 9100
	add, ID = 292, 900
	add, ID = 293, 800
	add, ID = 294, 2900
	add, ID = 295, 900
	add, ID = 296, 1600
	add, ID = 297, 1300
	add, ID = 298, 3600
	add, ID = 299, 1300
	add, ID = 300, 1300
	add, ID = 301, 3300
	add, ID = 302, 900
	add, ID = 303, 3100
	add, ID = 304, 700
	add, ID = 305, 900
	add, ID = 306, 700
	add, ID = 307, 3100
	add, ID = 308, 3100
	add, ID = 309, 900
	add, ID = 310, 1900
	add, ID = 311, 3100
	add, ID = 312, 700
	add, ID = 313, 3100
	add, ID = 314, 700
	add, ID = 315, 3100
	add, ID = 316, 800
	add, ID = 317, 800
	add, ID = 318, 800
	add, ID = 319, 800
	add, ID = 320, 700
	add, ID = 321, 800
	add, ID = 322, 800
	add, ID = 323, 800
	add, ID = 324, 900
	add, ID = 325, 800
	add, ID = 326, 3300
	add, ID = 327, 800
	add, ID = 328, 800
	add, ID = 329, 900
	add, ID = 330, 1800
	add, ID = 331, 14000
	add, ID = 332, 1100
	add, ID = 333, 1300
	add, ID = 334, 1900
	add, ID = 335, 6400
	add, ID = 336, 3400
	add, ID = 337, 2900
	add, ID = 338, 1100
	add, ID = 339, 3500
	add, ID = 340, 800
	add, ID = 341, 1000
	add, ID = 342, 1200
	add, ID = 343, 900
	add, ID = 344, 14500
	add, ID = 345, 3100
	add, ID = 346, 3200
	add, ID = 347, 800
	add, ID = 348, 900
	add, ID = 349, 3000
	add, ID = 350, 800
	add, ID = 351, 700
	add, ID = 352, 2800
	add, ID = 353, 6100
	add, ID = 354, 900
	add, ID = 355, 800
	add, ID = 356, 800
	add, ID = 357, 3000
	add, ID = 358, 800
	add, ID = 359, 700
	add, ID = 360, 800
	add, ID = 361, 1200
	add, ID = 362, 1300
	add, ID = 363, 1300
	add, ID = 364, 1200
	add, ID = 365, 1400
	add, ID = 366, 17300
	add, ID = 367, 3400
	add, ID = 368, 800
	add, ID = 369, 3100
	add, ID = 370, 3100
	add, ID = 371, 900
	add, ID = 372, 3100
	add, ID = 373, 800
	add, ID = 374, 700
	add, ID = 375, 3100
	add, ID = 376, 3100
	add, ID = 377, 900
	add, ID = 378, 900
	add, ID = 379, 3200
	add, ID = 380, 1100
	add, ID = 381, 3100
	add, ID = 382, 3100
	add, ID = 383, 900
	add, ID = 384, 800
	add, ID = 385, 3000
	add, ID = 386, 4000
	add, ID = 387, 3000
	add, ID = 388, 800
	add, ID = 389, 1000
	add, ID = 390, 800
	add, ID = 391, 1900
	add, ID = 392, 900
	add, ID = 393, 800
	add, ID = 394, 900
	add, ID = 395, 1700
	add, ID = 396, 1300
	add, ID = 397, 1700
	add, ID = 398, 6400
	add, ID = 399, 1400
	add, ID = 400, 6500
	add, ID = 401, 1000
	add, ID = 402, 800
	add, ID = 403, 1000
	add, ID = 404, 1600
	add, ID = 405, 5700
	add, ID = 406, 5900
	add, ID = 407, 1000
	add, ID = 408, 1000
	add, ID = 409, 1300
	add, ID = 410, 3100
	add, ID = 411, 800
	add, ID = 412, 1900
	add, ID = 413, 3200
	add, ID = 414, 800
	add, ID = 415, 3300
	add, ID = 416, 800
	add, ID = 417, 800
	add, ID = 418, 800
	add, ID = 419, 13900
	add, ID = 420, 1100
	add, ID = 421, 1000
	add, ID = 422, 900
	add, ID = 423, 2900
	add, ID = 424, 26900
	add, ID = 425, 1400
	add, ID = 426, 6500
	add, ID = 427, 1300
	add, ID = 428, 2000
	add, ID = 429, 3500
	add, ID = 430, 3500
	add, ID = 431, 3300
	add, ID = 432, 800
	add, ID = 433, 900
	add, ID = 434, 3400
	add, ID = 435, 900
	add, ID = 436, 3100
	add, ID = 437, 1000
	add, ID = 438, 800
	add, ID = 439, 3000
	add, ID = 440, 800
	add, ID = 441, 800
	add, ID = 442, 3400
	add, ID = 443, 900
	add, ID = 444, 1000
	add, ID = 445, 800
	add, ID = 446, 3100
	add, ID = 447, 800
	add, ID = 448, 700
	add, ID = 449, 2800
	add, ID = 450, 700
	add, ID = 451, 700
	add, ID = 452, 700
	add, ID = 453, 700
	add, ID = 454, 600
	add, ID = 455, 3000
	add, ID = 456, 700
	add, ID = 457, 3000
	add, ID = 458, 900
	add, ID = 459, 1700
	add, ID = 460, 1300
	add, ID = 461, 1500
	add, ID = 462, 1300
	add, ID = 463, 1500
	add, ID = 464, 3700
	add, ID = 465, 1200
	add, ID = 466, 1000
	add, ID = 467, 800
	add, ID = 468, 3200
	add, ID = 469, 900
	add, ID = 470, 800
	add, ID = 471, 3100
	add, ID = 472, 800
	add, ID = 473, 700
	add, ID = 474, 800
	add, ID = 475, 1200
	add, ID = 476, 3100
	add, ID = 477, 4500
	add, ID = 478, 3100
	add, ID = 479, 2900
	add, ID = 480, 800
	add, ID = 481, 700
	add, ID = 482, 700
	add, ID = 483, 700
	add, ID = 484, 3000
	add, ID = 485, 3000
	add, ID = 486, 900
	add, ID = 487, 700
	add, ID = 488, 3100
	add, ID = 489, 900
	add, ID = 490, 3200
	add, ID = 491, 3100
	add, ID = 492, 800
	add, ID = 493, 900
	add, ID = 494, 3100
	add, ID = 495, 1100
	add, ID = 496, 1400
	add, ID = 497, 1700
	add, ID = 498, 1400
	add, ID = 499, 4300
	add, ID = 500, 900
	add, ID = 501, 1100
	add, ID = 502, 3200
	add, ID = 503, 3100
	add, ID = 504, 800
	add, ID = 505, 900
	add, ID = 506, 700
	add, ID = 507, 3100
	add, ID = 508, 3200
	add, ID = 509, 900
	add, ID = 510, 900
	add, ID = 511, 3200
	add, ID = 512, 3100
	add, ID = 513, 900
	add, ID = 514, 900
	add, ID = 515, 3000
	add, ID = 516, 800
	add, ID = 517, 900
	add, ID = 518, 2900
	add, ID = 519, 3000
	add, ID = 520, 800
	add, ID = 521, 900
	add, ID = 522, 2900
	add, ID = 523, 1600
	add, ID = 524, 3100
	add, ID = 525, 900
	add, ID = 526, 900
	add, ID = 527, 1800
	add, ID = 528, 800
	add, ID = 529, 1000
	add, ID = 530, 1100
	add, ID = 531, 2400
	add, ID = 532, 1600
	add, ID = 533, 2100
	add, ID = 534, 3800
	add, ID = 535, 3300
	add, ID = 536, 900
	add, ID = 537, 3100
	add, ID = 538, 700
	add, ID = 539, 6100
	add, ID = 540, 3400
	add, ID = 541, 3000
	add, ID = 542, 800
	add, ID = 543, 800
	add, ID = 544, 3100
	add, ID = 545, 700
	add, ID = 546, 700
	add, ID = 547, 3000
	add, ID = 548, 700
	add, ID = 549, 18600
	add, ID = 550, 600
	add, ID = 551, 700
	add, ID = 552, 700
	add, ID = 553, 700
	add, ID = 554, 3000
	add, ID = 555, 3000
	add, ID = 556, 700
	add, ID = 557, 3500
	add, ID = 558, 800
	add, ID = 559, 600
	add, ID = 560, 600
	add, ID = 561, 3100
	add, ID = 562, 6800
	add, ID = 563, 3100
	add, ID = 564, 5600
	add, ID = 565, 800
	add, ID = 566, 1200
	add, ID = 567, 3400
	add, ID = 568, 1000
	add, ID = 569, 3200
	add, ID = 570, 3700
	add, ID = 571, 3400
	add, ID = 572, 800
	add, ID = 573, 800
	add, ID = 574, 600
	add, ID = 575, 3100
	add, ID = 576, 600
	add, ID = 577, 500
	add, ID = 578, 500
	add, ID = 579, 2800
	add, ID = 580, 2700
	add, ID = 581, 600
	add, ID = 582, 700
	add, ID = 583, 700
	add, ID = 584, 2600
	add, ID = 585, 600
	add, ID = 586, 700
	add, ID = 587, 600
	add, ID = 588, 500
	add, ID = 589, 2900
	add, ID = 590, 700
	add, ID = 591, 2900
	add, ID = 592, 900
	add, ID = 593, 600
	add, ID = 594, 700
	add, ID = 595, 2900
	add, ID = 596, 500
	add, ID = 597, 600
	add, ID = 598, 500
	add, ID = 599, 600
	add, ID = 600, 2900
	add, ID = 601, 1800
	add, ID = 602, 800
	add, ID = 603, 1400
	add, ID = 604, 3700
	add, ID = 605, 6000
	add, ID = 606, 1200
	add, ID = 607, 1700
	add, ID = 608, 1400
	add, ID = 609, 1000
	add, ID = 610, 3300
	add, ID = 611, 800
	add, ID = 612, 800
	add, ID = 613, 1400
	add, ID = 614, 1000
	add, ID = 615, 3600
	add, ID = 616, 800
	add, ID = 617, 600
	add, ID = 618, 800
	add, ID = 619, 600
	add, ID = 620, 3000
	add, ID = 621, 2900
	add, ID = 622, 1600
	add, ID = 623, 2800
	add, ID = 624, 5500
	add, ID = 625, 600
	add, ID = 626, 700
	add, ID = 627, 2800
	add, ID = 628, 500
	add, ID = 629, 600
	add, ID = 630, 700
	add, ID = 631, 600
	add, ID = 632, 600
	add, ID = 633, 600
	add, ID = 634, 700
	add, ID = 635, 600
	add, ID = 636, 3100
	add, ID = 637, 600
	add, ID = 638, 800
	add, ID = 639, 2900
	add, ID = 640, 3000
	add, ID = 641, 30300
	add, ID = 642, 2200
	add, ID = 643, 4600
	add, ID = 644, 7500
	add, ID = 645, 4200
	add, ID = 646, 900
	add, ID = 647, 1000
	add, ID = 648, 900
	add, ID = 649, 12800
	add, ID = 650, 1200
	add, ID = 651, 1000
	add, ID = 652, 800
	add, ID = 653, 700
	add, ID = 654, 1100
	add, ID = 655, 900
	add, ID = 656, 900
	add, ID = 657, 3000
	add, ID = 658, 800
	add, ID = 659, 700
	add, ID = 660, 800
	add, ID = 661, 700
	add, ID = 662, 900
	add, ID = 663, 3200
	add, ID = 664, 800
	add, ID = 665, 900
	add, ID = 666, 3100
	add, ID = 667, 900
	add, ID = 668, 3100
	add, ID = 669, 900
	add, ID = 670, 3300
	add, ID = 671, 3000
	add, ID = 672, 1300
	add, ID = 673, 1800
	add, ID = 674, 3400
	add, ID = 675, 1400
	add, ID = 676, 1500
	add, ID = 677, 1700
	add, ID = 678, 5900
	add, ID = 679, 3300
	add, ID = 680, 800
	add, ID = 681, 800
	add, ID = 682, 600
	add, ID = 683, 3100
	add, ID = 684, 2700
	add, ID = 685, 500
	add, ID = 686, 500
	add, ID = 687, 1600
	add, ID = 688, 500
	add, ID = 689, 500
	add, ID = 690, 500
	add, ID = 691, 500
	add, ID = 692, 800
	add, ID = 693, 700
	add, ID = 694, 700
	add, ID = 695, 3000
	add, ID = 696, 3100
	add, ID = 697, 2900
	add, ID = 698, 2800
	add, ID = 699, 500
	add, ID = 700, 600
	add, ID = 701, 500
	add, ID = 702, 700
	add, ID = 703, 800
	add, ID = 704, 600
	add, ID = 705, 1500
	add, ID = 706, 900
	add, ID = 707, 3000
	add, ID = 708, 3000
	add, ID = 709, 800
	add, ID = 710, 3000
	add, ID = 711, 3000
	add, ID = 712, 3100
	add, ID = 713, 6600
	add, ID = 714, 1500
	add, ID = 715, 800
	add, ID = 716, 700
	add, ID = 717, 1300
	add, ID = 718, 1700
	add, ID = 719, 1100
	add, ID = 720, 5800
	add, ID = 721, 800
	add, ID = 722, 3800
	add, ID = 723, 3600
	add, ID = 724, 1400
	add, ID = 725, 1100
	add, ID = 726, 1000
	add, ID = 727, 3000
	add, ID = 728, 1400
	add, ID = 729, 3200
	add, ID = 730, 9200
	add, ID = 731, 900
	add, ID = 732, 700
	add, ID = 733, 2900
	add, ID = 734, 3000
	add, ID = 735, 800
	add, ID = 736, 5400
	add, ID = 737, 800
	add, ID = 738, 1000
	add, ID = 739, 3000
	add, ID = 740, 3400
	add, ID = 741, 5800
	add, ID = 742, 3100
	add, ID = 743, 5700
	add, ID = 744, 800
	add, ID = 745, 3000
	add, ID = 746, 3400
	add, ID = 747, 900
	add, ID = 748, 2900
	add, ID = 749, 1000
	add, ID = 750, 700
	add, ID = 751, 3100
	add, ID = 752, 5800
	add, ID = 753, 1100
	add, ID = 754, 5600
	add, ID = 755, 1100
	add, ID = 756, 1000
	add, ID = 757, 5200
	add, ID = 758, 1000
	add, ID = 759, 900
	add, ID = 760, 1200
	add, ID = 761, 900
	add, ID = 762, 2900
	add, ID = 763, 600
	add, ID = 764, 3000
	add, ID = 765, 600
	add, ID = 766, 700
	add, ID = 767, 700
	add, ID = 768, 1700
	add, ID = 769, 800
	add, ID = 770, 3000
	add, ID = 771, 700
	add, ID = 772, 600
	add, ID = 773, 600
	add, ID = 774, 700
	add, ID = 775, 500
	add, ID = 776, 600
	add, ID = 777, 600
	add, ID = 778, 600
	add, ID = 779, 700
	add, ID = 780, 600
	add, ID = 781, 2900
	add, ID = 782, 500
	add, ID = 783, 600
	add, ID = 784, 3800
	add, ID = 785, 1100
	add, ID = 786, 3100
	add, ID = 787, 700
	add, ID = 788, 3000
	add, ID = 789, 1100
	add, ID = 790, 3000
	add, ID = 791, 600
	add, ID = 792, 3700
	add, ID = 793, 1900
	add, ID = 794, 3500
	add, ID = 795, 1200
	add, ID = 796, 1300
	add, ID = 797, 1100
	add, ID = 798, 2000
	add, ID = 799, 3400
	add, ID = 800, 1200
	add, ID = 801, 5800
	add, ID = 802, 5600
	add, ID = 803, 3700
	add, ID = 804, 3600
	add, ID = 805, 3100
	add, ID = 806, 2900
	add, ID = 807, 600
	add, ID = 808, 700
	add, ID = 809, 600
	add, ID = 810, 700
	add, ID = 811, 700
	add, ID = 812, 700
	add, ID = 813, 700
	add, ID = 814, 900
	add, ID = 815, 2900
	add, ID = 816, 800
	add, ID = 817, 2700
	add, ID = 818, 2600
	add, ID = 819, 1400
	add, ID = 820, 900
	add, ID = 821, 700
	add, ID = 822, 700
	add, ID = 823, 17500
	add, ID = 824, 600
	add, ID = 825, 3100
	add, ID = 826, 700
	add, ID = 827, 800
	add, ID = 828, 900
	add, ID = 829, 1400
	add, ID = 830, 1000
	add, ID = 831, 1200
	add, ID = 832, 1000
	add, ID = 833, 1600
	add, ID = 834, 1300
	add, ID = 835, 1300
	add, ID = 836, 900
	add, ID = 837, 3000
	add, ID = 838, 800
	add, ID = 839, 500
	add, ID = 840, 600
	add, ID = 841, 500
	add, ID = 842, 500
	add, ID = 843, 700
	add, ID = 844, 600
	add, ID = 845, 700
	add, ID = 846, 600
	add, ID = 847, 500
	add, ID = 848, 2900
	add, ID = 849, 500
	add, ID = 850, 500
	add, ID = 851, 1200
	add, ID = 852, 3000
	add, ID = 853, 800
	add, ID = 854, 600
	add, ID = 855, 600
	add, ID = 856, 7000
	add, ID = 857, 700
	add, ID = 858, 500
	add, ID = 859, 500
	add, ID = 860, 3700
	add, ID = 861, 2700
	add, ID = 862, 600
	add, ID = 863, 600
	add, ID = 864, 600
	add, ID = 865, 3000
	add, ID = 866, 600
	add, ID = 867, 500
	add, ID = 868, 600
	add, ID = 869, 500
	add, ID = 870, 500
	add, ID = 871, 500
	add, ID = 872, 700
	add, ID = 873, 800
	add, ID = 874, 1300
	add, ID = 875, 3300
	add, ID = 876, 900
	add, ID = 877, 1100
	add, ID = 878, 1000
	add, ID = 879, 3300
	add, ID = 880, 800
	add, ID = 881, 3000
	add, ID = 882, 3100
	add, ID = 883, 600
	add, ID = 884, 700
	add, ID = 885, 600
	add, ID = 886, 600
	add, ID = 887, 600
	add, ID = 888, 600
	add, ID = 889, 500
	add, ID = 890, 500
	add, ID = 891, 500
	add, ID = 892, 500
	add, ID = 893, 600
	add, ID = 894, 500
	add, ID = 895, 500
	add, ID = 896, 500
	add, ID = 897, 500
	add, ID = 898, 500
	add, ID = 899, 2000
	add, ID = 900, 2600
	add, ID = 901, 600
	add, ID = 902, 2800
	add, ID = 903, 500
	add, ID = 904, 2800
	add, ID = 905, 2700
	add, ID = 906, 2900
	add, ID = 907, 2800
	add, ID = 908, 500
	add, ID = 909, 2700
	add, ID = 910, 1500
	add, ID = 911, 3400
	add, ID = 912, 3000
	add, ID = 913, 2900
	add, ID = 914, 700
	add, ID = 915, 500
	add, ID = 916, 600
	add, ID = 917, 1200
	add, ID = 918, 900
	add, ID = 919, 900
	add, ID = 920, 1000
	add, ID = 921, 800
	add, ID = 922, 1300
	add, ID = 923, 1600
	add, ID = 924, 3200
	add, ID = 925, 900
	add, ID = 926, 600
	add, ID = 927, 800
	add, ID = 928, 2900
	add, ID = 929, 2900
	add, ID = 930, 500
	add, ID = 931, 600
	add, ID = 932, 2800
	add, ID = 933, 600
	add, ID = 934, 500
	add, ID = 935, 500
	add, ID = 936, 500
	add, ID = 937, 500
	add, ID = 938, 500
	add, ID = 939, 1500
	add, ID = 940, 600
	add, ID = 941, 500
	add, ID = 942, 500
	add, ID = 943, 600
	add, ID = 944, 2900
	add, ID = 945, 600
	add, ID = 946, 500
	add, ID = 947, 500
	add, ID = 948, 700
	add, ID = 949, 600
	add, ID = 950, 600
	add, ID = 951, 1400
	add, ID = 952, 900
	add, ID = 953, 800
	add, ID = 954, 700
	add, ID = 955, 3600
	add, ID = 956, 1000
	add, ID = 957, 900
	add, ID = 958, 3000
	add, ID = 959, 900
	add, ID = 960, 1300
	add, ID = 961, 1400
	add, ID = 962, 1800
	add, ID = 963, 3600
	add, ID = 964, 1200
	add, ID = 965, 1000
	add, ID = 966, 5000
	add, ID = 967, 700
	add, ID = 968, 600
	add, ID = 969, 2900
	add, ID = 970, 600
	add, ID = 971, 700
	add, ID = 972, 3200
	add, ID = 973, 600
	add, ID = 974, 600
	add, ID = 975, 500
	add, ID = 976, 600
	add, ID = 977, 5800
	add, ID = 978, 800
	add, ID = 979, 600
	add, ID = 980, 700
	add, ID = 981, 600
	add, ID = 982, 3800
	add, ID = 983, 600
	add, ID = 984, 700
	add, ID = 985, 500
	add, ID = 986, 600
	add, ID = 987, 700
	add, ID = 988, 700
	add, ID = 989, 600
	add, ID = 990, 2900
	add, ID = 991, 2900
	add, ID = 992, 600
	add, ID = 993, 3000
	add, ID = 994, 500
	add, ID = 995, 500
	add, ID = 996, 700
	add, ID = 997, 600
	add, ID = 998, 600
	add, ID = 999, 600
	addTotal = 204284600
	addMedium = 204284
	remove, ID = 855, 18100
	remove, ID = 478, 16500
	remove, ID = 748, 2800
	remove, ID = 827, 3300
	remove, ID = 729, 3200
	remove, ID = 183, 4600
	remove, ID = 485, 12500
	remove, ID = 886, 2500
	remove, ID = 607, 2000
	remove, ID = 807, 1900
	remove, ID = 154, 5700
	remove, ID = 206, 6200
	remove, ID = 336, 2000
	remove, ID = 444, 1800
	remove, ID = 315, 2200
	remove, ID = 834, 1600
	remove, ID = 909, 3900
	remove, ID = 361, 9000
	remove, ID = 464, 4700
	remove, ID = 844, 2000
	remove, ID = 206, 1700
	remove, ID = 646, 11000
	remove, ID = 878, 3300
	remove, ID = 267, 5100
	remove, ID = 77, 2300
	remove, ID = 226, 5700
	remove, ID = 695, 6900
	remove, ID = 635, 1900
	remove, ID = 374, 35900
	remove, ID = 807, 2000
	remove, ID = 328, 3200
	remove, ID = 778, 6900
	remove, ID = 832, 7500
	remove, ID = 509, 10000
	remove, ID = 480, 2300
	remove, ID = 702, 4300
	remove, ID = 532, 2000
	remove, ID = 898, 4700
	remove, ID = 41, 4200
	remove, ID = 101, 6400
	remove, ID = 315, 6200
	remove, ID = 925, 35700
	remove, ID = 738, 15400
	remove, ID = 870, 3200
	remove, ID = 231, 3200
	remove, ID = 76, 2500
	remove, ID = 17, 3000
	remove, ID = 815, 7800
	remove, ID = 12, 3100
	remove, ID = 280, 5300
	remove, ID = 388, 2500
	remove, ID = 380, 7700
	remove, ID = 481, 6800
	remove, ID = 660, 2200
	remove, ID = 112, 4700
	remove, ID = 678, 12100
	remove, ID = 755, 4800
	remove, ID = 551, 2500
	remove, ID = 601, 9600
	remove, ID = 603, 7100
	remove, ID = 391, 10000
	remove, ID = 110, 2400
	remove, ID = 143, 2700
	remove, ID = 666, 2800
	remove, ID = 559, 7600
	remove, ID = 853, 30700
	remove, ID = 530, 6100
	remove, ID = 199, 5300
	remove, ID = 214, 10000
	remove, ID = 225, 10800
	remove, ID = 569, 3600
	remove, ID = 184, 6000
	remove, ID = 195, 9600
	remove, ID = 214, 3100
	remove, ID = 297, 7300
	remove, ID = 79, 13100
	remove, ID = 109, 10200
	remove, ID = 747, 2800
	remove, ID = 113, 6300
	remove, ID = 848, 2500
	remove, ID = 504, 5500
	remove, ID = 532, 5400
	remove, ID = 38, 7200
	remove, ID = 222, 8100
	remove, ID = 260, 3500
	remove, ID = 475, 7600
	remove, ID = 885, 3500
	remove, ID = 743, 2500
	remove, ID = 520, 2800
	remove, ID = 307, 4800
	remove, ID = 51, 17500
	removeTotal = 21094200
	removeMedium = 21094

	add, ID = 0, 13900
	add, ID = 1, 3200
	add, ID = 2, 17000
	add, ID = 3, 2300
	add, ID = 4, 1900
	add, ID = 5, 1700
	add, ID = 6, 1900
	add, ID = 7, 1600
	add, ID = 8, 6100
	add, ID = 9, 1800
	add, ID = 10, 14800
	add, ID = 11, 1700
	add, ID = 12, 6000
	add, ID = 13, 1300
	add, ID = 14, 3100
	add, ID = 15, 10600
	add, ID = 16, 3200
	add, ID = 17, 3200
	add, ID = 18, 3200
	add, ID = 19, 6000
	add, ID = 20, 1800
	add, ID = 21, 1500
	add, ID = 22, 8000
	add, ID = 23, 1700
	add, ID = 24, 2000
	add, ID = 25, 1800
	add, ID = 26, 4100
	add, ID = 27, 1400
	add, ID = 28, 1500
	add, ID = 29, 1700
	add, ID = 30, 1600
	add, ID = 31, 1600
	add, ID = 32, 1600
	add, ID = 33, 8200
	add, ID = 34, 1600
	add, ID = 35, 3500
	add, ID = 36, 6600
	add, ID = 37, 1300
	add, ID = 38, 1300
	add, ID = 39, 1300
	add, ID = 40, 3400
	add, ID = 41, 1200
	add, ID = 42, 1900
	add, ID = 43, 1800
	add, ID = 44, 1700
	add, ID = 45, 4000
	add, ID = 46, 1500
	add, ID = 47, 1700
	add, ID = 48, 3700
	add, ID = 49, 9100
	add, ID = 50, 1600
	add, ID = 51, 3800
	add, ID = 52, 3700
	add, ID = 53, 3400
	add, ID = 54, 1200
	add, ID = 55, 3300
	add, ID = 56, 1400
	add, ID = 57, 1600
	add, ID = 58, 3800
	add, ID = 59, 1500
	add, ID = 60, 3400
	add, ID = 61, 1500
	add, ID = 62, 6200
	add, ID = 63, 3700
	add, ID = 64, 1400
	add, ID = 65, 1500
	add, ID = 66, 1600
	add, ID = 67, 7000
	add, ID = 68, 1400
	add, ID = 69, 7700
	add, ID = 70, 2400
	add, ID = 71, 1600
	add, ID = 72, 3500
	add, ID = 73, 10800
	add, ID = 74, 1700
	add, ID = 75, 1400
	add, ID = 76, 1500
	add, ID = 77, 1500
	add, ID = 78, 1600
	add, ID = 79, 1500
	add, ID = 80, 6000
	add, ID = 81, 4000
	add, ID = 82, 1700
	add, ID = 83, 1600
	add, ID = 84, 4000
	add, ID = 85, 3300
	add, ID = 86, 31700
	add, ID = 87, 4000
	add, ID = 88, 2800
	add, ID = 89, 3900
	add, ID = 90, 1700
	add, ID = 91, 6400
	add, ID = 92, 1600
	add, ID = 93, 2200
	add, ID = 94, 4200
	add, ID = 95, 6700
	add, ID = 96, 2500
	add, ID = 97, 1900
	add, ID = 98, 4000
	add, ID = 99, 1600
	add, ID = 100, 6500
	add, ID = 101, 18600
	add, ID = 102, 1700
	add, ID = 103, 1600
	add, ID = 104, 1300
	add, ID = 105, 3600
	add, ID = 106, 1800
	add, ID = 107, 1500
	add, ID = 108, 3800
	add, ID = 109, 45600
	add, ID = 110, 1300
	add, ID = 111, 1100
	add, ID = 112, 3800
	add, ID = 113, 3800
	add, ID = 114, 6300
	add, ID = 115, 4600
	add, ID = 116, 3800
	add, ID = 117, 1000
	add, ID = 118, 900
	add, ID = 119, 3200
	add, ID = 120, 6400
	add, ID = 121, 1400
	add, ID = 122, 7000
	add, ID = 123, 900
	add, ID = 124, 5700
	add, ID = 125, 1000
	add, ID = 126, 1200
	add, ID = 127, 1900
	add, ID = 128, 800
	add, ID = 129, 1600
	add, ID = 130, 1500
	add, ID = 131, 1200
	add, ID = 132, 1200
	add, ID = 133, 3400
	add, ID = 134, 2000
	add, ID = 135, 1400
	add, ID = 136, 1200
	add, ID = 137, 2800
	add, ID = 138, 3400
	add, ID = 139, 1400
	add, ID = 140, 6100
	add, ID = 141, 900
	add, ID = 142, 900
	add, ID = 143, 1000
	add, ID = 144, 1200
	add, ID = 145, 1200
	add, ID = 146, 3600
	add, ID = 147, 1300
	add, ID = 148, 1100
	add, ID = 149, 3200
	add, ID = 150, 1400
	add, ID = 151, 3800
	add, ID = 152, 3700
	add, ID = 153, 1500
	add, ID = 154, 1300
	add, ID = 155, 1200
	add, ID = 156, 1600
	add, ID = 157, 1400
	add, ID = 158, 1600
	add, ID = 159, 4000
	add, ID = 160, 2200
	add, ID = 161, 4000
	add, ID = 162, 1300
	add, ID = 163, 16900
	add, ID = 164, 1100
	add, ID = 165, 8500
	add, ID = 166, 1000
	add, ID = 167, 1100
	add, ID = 168, 1100
	add, ID = 169, 1100
	add, ID = 170, 1300
	add, ID = 171, 7200
	add, ID = 172, 1600
	add, ID = 173, 1100
	add, ID = 174, 1000
	add, ID = 175, 3300
	add, ID = 176, 1900
	add, ID = 177, 1500
	add, ID = 178, 1400
	add, ID = 179, 2000
	add, ID = 180, 1300
	add, ID = 181, 2800
	add, ID = 182, 1200
	add, ID = 183, 3600
	add, ID = 184, 1200
	add, ID = 185, 1200
	add, ID = 186, 1700
	add, ID = 187, 3400
	add, ID = 188, 1500
	add, ID = 189, 1300
	add, ID = 190, 1300
	add, ID = 191, 13000
	add, ID = 192, 1100
	add, ID = 193, 800
	add, ID = 194, 2900
	add, ID = 195, 800
	add, ID = 196, 800
	add, ID = 197, 3000
	add, ID = 198, 900
	add, ID = 199, 3100
	add, ID = 200, 1100
	add, ID = 201, 1800
	add, ID = 202, 3000
	add, ID = 203, 15500
	add, ID = 204, 2200
	add, ID = 205, 1400
	add, ID = 206, 4400
	add, ID = 207, 1000
	add, ID = 208, 1300
	add, ID = 209, 1600
	add, ID = 210, 1200
	add, ID = 211, 1800
	add, ID = 212, 1600
	add, ID = 213, 17600
	add, ID = 214, 1100
	add, ID = 215, 3500
	add, ID = 216, 1000
	add, ID = 217, 800
	add, ID = 218, 1800
	add, ID = 219, 1400
	add, ID = 220, 1200
	add, ID = 221, 1200
	add, ID = 222, 1400
	add, ID = 223, 1300
	add, ID = 224, 1400
	add, ID = 225, 3500
	add, ID = 226, 2500
	add, ID = 227, 6400
	add, ID = 228, 5700
	add, ID = 229, 1100
	add, ID = 230, 800
	add, ID = 231, 3300
	add, ID = 232, 900
	add, ID = 233, 13600
	add, ID = 234, 13500
	add, ID = 235, 1300
	add, ID = 236, 1200
	add, ID = 237, 1200
	add, ID = 238, 6400
	add, ID = 239, 1400
	add, ID = 240, 1000
	add, ID = 241, 1000
	add, ID = 242, 3500
	add, ID = 243, 1200
	add, ID = 244, 11300
	add, ID = 245, 1300
	add, ID = 246, 1500
	add, ID = 247, 1400
	add, ID = 248, 6700
	add, ID = 249, 3800
	add, ID = 250, 1300
	add, ID = 251, 3800
	add, ID = 252, 1500
	add, ID = 253, 1600
	add, ID = 254, 6300
	add, ID = 255, 1300
	add, ID = 256, 3700
	add, ID = 257, 1200
	add, ID = 258, 1400
	add, ID = 259, 1700
	add, ID = 260, 1200
	add, ID = 261, 3300
	add, ID = 262, 1800
	add, ID = 263, 1900
	add, ID = 264, 1700
	add, ID = 265, 1600
	add, ID = 266, 2200
	add, ID = 267, 3300
	add, ID = 268, 1400
	add, ID = 269, 1300
	add, ID = 270, 1400
	add, ID = 271, 1800
	add, ID = 272, 2300
	add, ID = 273, 3600
	add, ID = 274, 1700
	add, ID = 275, 1300
	add, ID = 276, 3400
	add, ID = 277, 1200
	add, ID = 278, 3200
	add, ID = 279, 3500
	add, ID = 280, 3200
	add, ID = 281, 3500
	add, ID = 282, 4300
	add, ID = 283, 9800
	add, ID = 284, 1600
	add, ID = 285, 1300
	add, ID = 286, 4100
	add, ID = 287, 6800
	add, ID = 288, 6200
	add, ID = 289, 2500
	add, ID = 290, 1300
	add, ID = 291, 4100
	add, ID = 292, 1500
	add, ID = 293, 1500
	add, ID = 294, 5800
	add, ID = 295, 3700
	add, ID = 296, 1100
	add, ID = 297, 3300
	add, ID = 298, 1200
	add, ID = 299, 1000
	add, ID = 300, 900
	add, ID = 301, 3100
	add, ID = 302, 3200
	add, ID = 303, 1200
	add, ID = 304, 3000
	add, ID = 305, 2800
	add, ID = 306, 2800
	add, ID = 307, 3200
	add, ID = 308, 4200
	add, ID = 309, 1300
	add, ID = 310, 3100
	add, ID = 311, 1600
	add, ID = 312, 1600
	add, ID = 313, 1000
	add, ID = 314, 3600
	add, ID = 315, 3200
	add, ID = 316, 800
	add, ID = 317, 1000
	add, ID = 318, 900
	add, ID = 319, 900
	add, ID = 320, 900
	add, ID = 321, 800
	add, ID = 322, 900
	add, ID = 323, 3100
	add, ID = 324, 1100
	add, ID = 325, 1100
	add, ID = 326, 900
	add, ID = 327, 1100
	add, ID = 328, 1300
	add, ID = 329, 2000
	add, ID = 330, 1500
	add, ID = 331, 3500
	add, ID = 332, 1300
	add, ID = 333, 4000
	add, ID = 334, 1200
	add, ID = 335, 23000
	add, ID = 336, 2700
	add, ID = 337, 1200
	add, ID = 338, 900
	add, ID = 339, 1200
	add, ID = 340, 1000
	add, ID = 341, 3500
	add, ID = 342, 1000
	add, ID = 343, 1100
	add, ID = 344, 14200
	add, ID = 345, 1200
	add, ID = 346, 1100
	add, ID = 347, 2100
	add, ID = 348, 1500
	add, ID = 349, 1500
	add, ID = 350, 3700
	add, ID = 351, 3500
	add, ID = 352, 1700
	add, ID = 353, 2700
	add, ID = 354, 1600
	add, ID = 355, 1300
	add, ID = 356, 1100
	add, ID = 357, 3700
	add, ID = 358, 6100
	add, ID = 359, 1600
	add, ID = 360, 3700
	add, ID = 361, 1400
	add, ID = 362, 1400
	add, ID = 363, 1800
	add, ID = 364, 3600
	add, ID = 365, 1400
	add, ID = 366, 22800
	add, ID = 367, 1200
	add, ID = 368, 1400
	add, ID = 369, 3500
	add, ID = 370, 1000
	add, ID = 371, 1300
	add, ID = 372, 1000
	add, ID = 373, 3200
	add, ID = 374, 700
	add, ID = 375, 700
	add, ID = 376, 800
	add, ID = 377, 800
	add, ID = 378, 800
	add, ID = 379, 700
	add, ID = 380, 800
	add, ID = 381, 3100
	add, ID = 382, 3000
	add, ID = 383, 800
	add, ID = 384, 4100
	add, ID = 385, 1400
	add, ID = 386, 3900
	add, ID = 387, 2000
	add, ID = 388, 6300
	add, ID = 389, 3500
	add, ID = 390, 900
	add, ID = 391, 2000
	add, ID = 392, 3000
	add, ID = 393, 700
	add, ID = 394, 800
	add, ID = 395, 2900
	add, ID = 396, 3300
	add, ID = 397, 800
	add, ID = 398, 3400
	add, ID = 399, 3300
	add, ID = 400, 1500
	add, ID = 401, 3800
	add, ID = 402, 3500
	add, ID = 403, 3200
	add, ID = 404, 900
	add, ID = 405, 3600
	add, ID = 406, 5700
	add, ID = 407, 1900
	add, ID = 408, 1200
	add, ID = 409, 1000
	add, ID = 410, 1000
	add, ID = 411, 1200
	add, ID = 412, 3700
	add, ID = 413, 1400
	add, ID = 414, 1500
	add, ID = 415, 4700
	add, ID = 416, 1500
	add, ID = 417, 800
	add, ID = 418, 14600
	add, ID = 419, 1400
	add, ID = 420, 900
	add, ID = 421, 2900
	add, ID = 422, 700
	add, ID = 423, 700
	add, ID = 424, 3300
	add, ID = 425, 3200
	add, ID = 426, 3000
	add, ID = 427, 3000
	add, ID = 428, 700
	add, ID = 429, 2800
	add, ID = 430, 700
	add, ID = 431, 700
	add, ID = 432, 1000
	add, ID = 433, 1100
	add, ID = 434, 1100
	add, ID = 435, 1300
	add, ID = 436, 3100
	add, ID = 437, 1300
	add, ID = 438, 3200
	add, ID = 439, 6300
	add, ID = 440, 700
	add, ID = 441, 800
	add, ID = 442, 1000
	add, ID = 443, 1400
	add, ID = 444, 3600
	add, ID = 445, 1400
	add, ID = 446, 3800
	add, ID = 447, 3700
	add, ID = 448, 1500
	add, ID = 449, 4100
	add, ID = 450, 1200
	add, ID = 451, 6400
	add, ID = 452, 3300
	add, ID = 453, 900
	add, ID = 454, 3000
	add, ID = 455, 800
	add, ID = 456, 1000
	add, ID = 457, 700
	add, ID = 458, 3600
	add, ID = 459, 3100
	add, ID = 460, 900
	add, ID = 461, 700
	add, ID = 462, 700
	add, ID = 463, 600
	add, ID = 464, 600
	add, ID = 465, 3000
	add, ID = 466, 700
	add, ID = 467, 2900
	add, ID = 468, 3000
	add, ID = 469, 800
	add, ID = 470, 900
	add, ID = 471, 3300
	add, ID = 472, 3200
	add, ID = 473, 800
	add, ID = 474, 700
	add, ID = 475, 700
	add, ID = 476, 600
	add, ID = 477, 1800
	add, ID = 478, 1900
	add, ID = 479, 1600
	add, ID = 480, 2100
	add, ID = 481, 1400
	add, ID = 482, 1500
	add, ID = 483, 1500
	add, ID = 484, 5800
	add, ID = 485, 3100
	add, ID = 486, 800
	add, ID = 487, 700
	add, ID = 488, 2700
	add, ID = 489, 1000
	add, ID = 490, 800
	add, ID = 491, 700
	add, ID = 492, 600
	add, ID = 493, 2200
	add, ID = 494, 1100
	add, ID = 495, 5700
	add, ID = 496, 1100
	add, ID = 497, 3200
	add, ID = 498, 900
	add, ID = 499, 3200
	add, ID = 500, 1300
	add, ID = 501, 900
	add, ID = 502, 800
	add, ID = 503, 800
	add, ID = 504, 3000
	add, ID = 505, 600
	add, ID = 506, 2800
	add, ID = 507, 2900
	add, ID = 508, 800
	add, ID = 509, 1000
	add, ID = 510, 10400
	add, ID = 511, 2800
	add, ID = 512, 13700
	add, ID = 513, 1200
	add, ID = 514, 1000
	add, ID = 515, 1200
	add, ID = 516, 3600
	add, ID = 517, 1000
	add, ID = 518, 3000
	add, ID = 519, 2900
	add, ID = 520, 900
	add, ID = 521, 800
	add, ID = 522, 5600
	add, ID = 523, 6000
	add, ID = 524, 3500
	add, ID = 525, 6200
	add, ID = 526, 3500
	add, ID = 527, 3100
	add, ID = 528, 800
	add, ID = 529, 800
	add, ID = 530, 700
	add, ID = 531, 800
	add, ID = 532, 2900
	add, ID = 533, 700
	add, ID = 534, 700
	add, ID = 535, 500
	add, ID = 536, 600
	add, ID = 537, 2800
	add, ID = 538, 800
	add, ID = 539, 2100
	add, ID = 540, 3600
	add, ID = 541, 800
	add, ID = 542, 3400
	add, ID = 543, 1200
	add, ID = 544, 5500
	add, ID = 545, 4200
	add, ID = 546, 1900
	add, ID = 547, 10200
	add, ID = 548, 1400
	add, ID = 549, 33200
	add, ID = 550, 3500
	add, ID = 551, 1600
	add, ID = 552, 1200
	add, ID = 553, 4300
	add, ID = 554, 1100
	add, ID = 555, 1300
	add, ID = 556, 6700
	add, ID = 557, 800
	add, ID = 558, 6500
	add, ID = 559, 1000
	add, ID = 560, 3000
	add, ID = 561, 700
	add, ID = 562, 800
	add, ID = 563, 700
	add, ID = 564, 800
	add, ID = 565, 600
	add, ID = 566, 2800
	add, ID = 567, 600
	add, ID = 568, 900
	add, ID = 569, 900
	add, ID = 570, 1000
	add, ID = 571, 3700
	add, ID = 572, 1900
	add, ID = 573, 1300
	add, ID = 574, 1200
	add, ID = 575, 1500
	add, ID = 576, 1100
	add, ID = 577, 800
	add, ID = 578, 700
	add, ID = 579, 900
	add, ID = 580, 900
	add, ID = 581, 900
	add, ID = 582, 900
	add, ID = 583, 900
	add, ID = 584, 800
	add, ID = 585, 3000
	add, ID = 586, 900
	add, ID = 587, 3200
	add, ID = 588, 900
	add, ID = 589, 700
	add, ID = 590, 3300
	add, ID = 591, 800
	add, ID = 592, 3000
	add, ID = 593, 600
	add, ID = 594, 700
	add, ID = 595, 500
	add, ID = 596, 700
	add, ID = 597, 800
	add, ID = 598, 500
	add, ID = 599, 600
	add, ID = 600, 3000
	add, ID = 601, 1800
	add, ID = 602, 600
	add, ID = 603, 600
	add, ID = 604, 2600
	add, ID = 605, 2800
	add, ID = 606, 600
	add, ID = 607, 700
	add, ID = 608, 4000
	add, ID = 609, 1100
	add, ID = 610, 900
	add, ID = 611, 1700
	add, ID = 612, 1200
	add, ID = 613, 1400
	add, ID = 614, 1300
	add, ID = 615, 1100
	add, ID = 616, 1000
	add, ID = 617, 1300
	add, ID = 618, 3300
	add, ID = 619, 1100
	add, ID = 620, 1100
	add, ID = 621, 1000
	add, ID = 622, 2600
	add, ID = 623, 8100
	add, ID = 624, 3800
	add, ID = 625, 900
	add, ID = 626, 600
	add, ID = 627, 600
	add, ID = 628, 600
	add, ID = 629, 700
	add, ID = 630, 700
	add, ID = 631, 600
	add, ID = 632, 600
	add, ID = 633, 600
	add, ID = 634, 500
	add, ID = 635, 3100
	add, ID = 636, 800
	add, ID = 637, 700
	add, ID = 638, 3200
	add, ID = 639, 700
	add, ID = 640, 3100
	add, ID = 641, 700
	add, ID = 642, 600
	add, ID = 643, 1400
	add, ID = 644, 1000
	add, ID = 645, 1800
	add, ID = 646, 1100
	add, ID = 647, 1300
	add, ID = 648, 3500
	add, ID = 649, 4400
	add, ID = 650, 900
	add, ID = 651, 600
	add, ID = 652, 600
	add, ID = 653, 900
	add, ID = 654, 900
	add, ID = 655, 3000
	add, ID = 656, 700
	add, ID = 657, 700
	add, ID = 658, 700
	add, ID = 659, 1200
	add, ID = 660, 1700
	add, ID = 661, 1200
	add, ID = 662, 13300
	add, ID = 663, 3400
	add, ID = 664, 1300
	add, ID = 665, 1000
	add, ID = 666, 1200
	add, ID = 667, 900
	add, ID = 668, 3400
	add, ID = 669, 800
	add, ID = 670, 900
	add, ID = 671, 700
	add, ID = 672, 3000
	add, ID = 673, 600
	add, ID = 674, 2800
	add, ID = 675, 700
	add, ID = 676, 600
	add, ID = 677, 600
	add, ID = 678, 600
	add, ID = 679, 6700
	add, ID = 680, 1300
	add, ID = 681, 1300
	add, ID = 682, 1300
	add, ID = 683, 1100
	add, ID = 684, 1300
	add, ID = 685, 1300
	add, ID = 686, 3300
	add, ID = 687, 2200
	add, ID = 688, 1000
	add, ID = 689, 700
	add, ID = 690, 1900
	add, ID = 691, 1100
	add, ID = 692, 1100
	add, ID = 693, 1300
	add, ID = 694, 3300
	add, ID = 695, 1000
	add, ID = 696, 3100
	add, ID = 697, 1300
	add, ID = 698, 3700
	add, ID = 699, 1200
	add, ID = 700, 3100
	add, ID = 701, 3200
	add, ID = 702, 1100
	add, ID = 703, 1000
	add, ID = 704, 900
	add, ID = 705, 3300
	add, ID = 706, 1000
	add, ID = 707, 800
	add, ID = 708, 800
	add, ID = 709, 1000
	add, ID = 710, 1000
	add, ID = 711, 7800
	add, ID = 712, 4200
	add, ID = 713, 6100
	add, ID = 714, 1900
	add, ID = 715, 1600
	add, ID = 716, 1100
	add, ID = 717, 900
	add, ID = 718, 3100
	add, ID = 719, 700
	add, ID = 720, 700
	add, ID = 721, 2900
	add, ID = 722, 600
	add, ID = 723, 1100
	add, ID = 724, 3000
	add, ID = 725, 700
	add, ID = 726, 800
	add, ID = 727, 600
	add, ID = 728, 800
	add, ID = 729, 2900
	add, ID = 730, 6100
	add, ID = 731, 2800
	add, ID = 732, 600
	add, ID = 733, 500
	add, ID = 734, 500
	add, ID = 735, 900
	add, ID = 736, 800
	add, ID = 737, 3900
	add, ID = 738, 3500
	add, ID = 739, 1000
	add, ID = 740, 3200
	add, ID = 741, 3400
	add, ID = 742, 900
	add, ID = 743, 1100
	add, ID = 744, 3400
	add, ID = 745, 1100
	add, ID = 746, 4400
	add, ID = 747, 1400
	add, ID = 748, 1000
	add, ID = 749, 3800
	add, ID = 750, 1500
	add, ID = 751, 1400
	add, ID = 752, 1300
	add, ID = 753, 900
	add, ID = 754, 800
	add, ID = 755, 3100
	add, ID = 756, 2800
	add, ID = 757, 6300
	add, ID = 758, 700
	add, ID = 759, 700
	add, ID = 760, 1200
	add, ID = 761, 900
	add, ID = 762, 2900
	add, ID = 763, 2900
	add, ID = 764, 700
	add, ID = 765, 600
	add, ID = 766, 700
	add, ID = 767, 1000
	add, ID = 768, 700
	add, ID = 769, 600
	add, ID = 770, 700
	add, ID = 771, 3000
	add, ID = 772, 2800
	add, ID = 773, 5700
	add, ID = 774, 2600
	add, ID = 775, 500
	add, ID = 776, 1100
	add, ID = 777, 800
	add, ID = 778, 700
	add, ID = 779, 700
	add, ID = 780, 600
	add, ID = 781, 600
	add, ID = 782, 2800
	add, ID = 783, 700
	add, ID = 784, 800
	add, ID = 785, 2900
	add, ID = 786, 600
	add, ID = 787, 600
	add, ID = 788, 1700
	add, ID = 789, 6500
	add, ID = 790, 1100
	add, ID = 791, 6000
	add, ID = 792, 8500
	add, ID = 793, 1700
	add, ID = 794, 1000
	add, ID = 795, 13400
	add, ID = 796, 1200
	add, ID = 797, 7400
	add, ID = 798, 1000
	add, ID = 799, 1000
	add, ID = 800, 7100
	add, ID = 801, 900
	add, ID = 802, 6300
	add, ID = 803, 5900
	add, ID = 804, 3100
	add, ID = 805, 3000
	add, ID = 806, 600
	add, ID = 807, 600
	add, ID = 808, 2600
	add, ID = 809, 600
	add, ID = 810, 500
	add, ID = 811, 1500
	add, ID = 812, 800
	add, ID = 813, 600
	add, ID = 814, 2900
	add, ID = 815, 600
	add, ID = 816, 600
	add, ID = 817, 500
	add, ID = 818, 500
	add, ID = 819, 700
	add, ID = 820, 2200
	add, ID = 821, 3600
	add, ID = 822, 1800
	add, ID = 823, 47700
	add, ID = 824, 1700
	add, ID = 825, 10500
	add, ID = 826, 1000
	add, ID = 827, 900
	add, ID = 828, 3500
	add, ID = 829, 1800
	add, ID = 830, 1100
	add, ID = 831, 1800
	add, ID = 832, 600
	add, ID = 833, 700
	add, ID = 834, 3000
	add, ID = 835, 1000
	add, ID = 836, 1200
	add, ID = 837, 1400
	add, ID = 838, 1000
	add, ID = 839, 1000
	add, ID = 840, 900
	add, ID = 841, 3100
	add, ID = 842, 700
	add, ID = 843, 3000
	add, ID = 844, 800
	add, ID = 845, 2900
	add, ID = 846, 700
	add, ID = 847, 2900
	add, ID = 848, 600
	add, ID = 849, 2900
	add, ID = 850, 2700
	add, ID = 851, 500
	add, ID = 852, 500
	add, ID = 853, 3900
	add, ID = 854, 2000
	add, ID = 855, 900
	add, ID = 856, 7800
	add, ID = 857, 9500
	add, ID = 858, 3600
	add, ID = 859, 3200
	add, ID = 860, 800
	add, ID = 861, 3600
	add, ID = 862, 1000
	add, ID = 863, 600
	add, ID = 864, 700
	add, ID = 865, 900
	add, ID = 866, 700
	add, ID = 867, 900
	add, ID = 868, 1000
	add, ID = 869, 3800
	add, ID = 870, 1100
	add, ID = 871, 6100
	add, ID = 872, 1000
	add, ID = 873, 3000
	add, ID = 874, 2700
	add, ID = 875, 800
	add, ID = 876, 2900
	add, ID = 877, 700
	add, ID = 878, 500
	add, ID = 879, 700
	add, ID = 880, 600
	add, ID = 881, 700
	add, ID = 882, 500
	add, ID = 883, 600
	add, ID = 884, 700
	add, ID = 885, 500
	add, ID = 886, 600
	add, ID = 887, 500
	add, ID = 888, 900
	add, ID = 889, 3700
	add, ID = 890, 900
	add, ID = 891, 3200
	add, ID = 892, 1000
	add, ID = 893, 1000
	add, ID = 894, 2100
	add, ID = 895, 1400
	add, ID = 896, 2200
	add, ID = 897, 800
	add, ID = 898, 1300
	add, ID = 899, 5200
	add, ID = 900, 800
	add, ID = 901, 1100
	add, ID = 902, 900
	add, ID = 903, 800
	add, ID = 904, 900
	add, ID = 905, 3600
	add, ID = 906, 6200
	add, ID = 907, 6300
	add, ID = 908, 3600
	add, ID = 909, 1300
	add, ID = 910, 1000
	add, ID = 911, 900
	add, ID = 912, 1200
	add, ID = 913, 1000
	add, ID = 914, 600
	add, ID = 915, 600
	add, ID = 916, 600
	add, ID = 917, 500
	add, ID = 918, 500
	add, ID = 919, 600
	add, ID = 920, 700
	add, ID = 921, 2700
	add, ID = 922, 600
	add, ID = 923, 600
	add, ID = 924, 3600
	add, ID = 925, 1500
	add, ID = 926, 7100
	add, ID = 927, 1400
	add, ID = 928, 4700
	add, ID = 929, 3400
	add, ID = 930, 800
	add, ID = 931, 800
	add, ID = 932, 1100
	add, ID = 933, 800
	add, ID = 934, 800
	add, ID = 935, 1200
	add, ID = 936, 800
	add, ID = 937, 3100
	add, ID = 938, 600
	add, ID = 939, 2800
	add, ID = 940, 1100
	add, ID = 941, 700
	add, ID = 942, 500
	add, ID = 943, 600
	add, ID = 944, 700
	add, ID = 945, 700
	add, ID = 946, 800
	add, ID = 947, 3900
	add, ID = 948, 3900
	add, ID = 949, 1300
	add, ID = 950, 800
	add, ID = 951, 800
	add, ID = 952, 600
	add, ID = 953, 600
	add, ID = 954, 600
	add, ID = 955, 500
	add, ID = 956, 600
	add, ID = 957, 500
	add, ID = 958, 1600
	add, ID = 959, 1300
	add, ID = 960, 1200
	add, ID = 961, 1100
	add, ID = 962, 1300
	add, ID = 963, 1600
	add, ID = 964, 1500
	add, ID = 965, 900
	add, ID = 966, 2300
	add, ID = 967, 700
	add, ID = 968, 700
	add, ID = 969, 800
	add, ID = 970, 1200
	add, ID = 971, 4800
	add, ID = 972, 700
	add, ID = 973, 900
	add, ID = 974, 1100
	add, ID = 975, 600
	add, ID = 976, 700
	add, ID = 977, 700
	add, ID = 978, 600
	add, ID = 979, 500
	add, ID = 980, 700
	add, ID = 981, 900
	add, ID = 982, 6500
	add, ID = 983, 500
	add, ID = 984, 800
	add, ID = 985, 700
	add, ID = 986, 600
	add, ID = 987, 800
	add, ID = 988, 1200
	add, ID = 989, 2900
	add, ID = 990, 900
	add, ID = 991, 900
	add, ID = 992, 600
	add, ID = 993, 900
	add, ID = 994, 1500
	add, ID = 995, 1200
	add, ID = 996, 1100
	add, ID = 997, 1000
	add, ID = 998, 900
	add, ID = 999, 1800
	addTotal = 244408700
	addMedium = 244408
	remove, ID = 997, 14400
	remove, ID = 470, 2000
	remove, ID = 484, 7500
	remove, ID = 74, 6800
	remove, ID = 224, 1600
	remove, ID = 876, 1400
	remove, ID = 297, 1600
	remove, ID = 481, 1700
	remove, ID = 624, 15700
	remove, ID = 56, 4400
	remove, ID = 316, 7500
	remove, ID = 953, 2900
	remove, ID = 980, 3700
	remove, ID = 514, 1500
	remove, ID = 927, 3900
	remove, ID = 222, 1300
	remove, ID = 288, 6200
	remove, ID = 561, 5800
	remove, ID = 871, 3500
	remove, ID = 231, 5900
	remove, ID = 606, 3800
	remove, ID = 790, 1100
	remove, ID = 534, 3500
	remove, ID = 14, 1200
	remove, ID = 541, 3300
	remove, ID = 792, 1400
	remove, ID = 537, 1600
	remove, ID = 347, 6000
	remove, ID = 314, 22500
	remove, ID = 753, 6300
	remove, ID = 68, 5300
	remove, ID = 347, 15800
	remove, ID = 31, 4400
	remove, ID = 783, 14500
	remove, ID = 249, 3100
	remove, ID = 93, 6300
	remove, ID = 260, 19700
	remove, ID = 417, 10800
	remove, ID = 683, 5600
	remove, ID = 763, 8500
	remove, ID = 264, 3100
	remove, ID = 665, 2400
	remove, ID = 368, 7200
	remove, ID = 575, 2500
	remove, ID = 38, 8900
	remove, ID = 918, 10000
	remove, ID = 812, 2300
	remove, ID = 621, 1900
	remove, ID = 609, 2000
	remove, ID = 736, 2000
	remove, ID = 25, 3800
	remove, ID = 251, 1800
	remove, ID = 268, 6200
	remove, ID = 142, 3800
	remove, ID = 936, 1600
	remove, ID = 200, 4000
	remove, ID = 808, 6400
	remove, ID = 231, 4400
	remove, ID = 855, 1600
	remove, ID = 163, 2600
	remove, ID = 549, 4200
	remove, ID = 387, 1600
	remove, ID = 876, 6000
	remove, ID = 557, 1700
	remove, ID = 691, 1400
	remove, ID = 516, 1600
	remove, ID = 674, 4000
	remove, ID = 61, 6500
	remove, ID = 879, 5700
	remove, ID = 708, 1600
	remove, ID = 307, 15200
	remove, ID = 313, 11100
	remove, ID = 133, 9800
	remove, ID = 393, 3200
	remove, ID = 472, 190100
	remove, ID = 763, 3800
	remove, ID = 652, 3100
	remove, ID = 62, 9700
	remove, ID = 294, 5100
	remove, ID = 460, 5000
	remove, ID = 186, 7700
	remove, ID = 406, 5100
	remove, ID = 289, 6200
	remove, ID = 183, 13200
	remove, ID = 81, 10200
	remove, ID = 197, 9200
	remove, ID = 723, 3100
	remove, ID = 358, 2200
	remove, ID = 909, 2600
	remove, ID = 570, 7000
	remove, ID = 8, 9500
	removeTotal = 17460000
	removeMedium = 17460

