	add, ID = 0, 2200
	add, ID = 1, 6700
	add, ID = 2, 7200
	add, ID = 3, 3900
	add, ID = 4, 2200
	add, ID = 5, 2900
	add, ID = 6, 6600
	add, ID = 7, 2200
	add, ID = 8, 9900
	add, ID = 9, 2700
	add, ID = 10, 24900
	add, ID = 11, 5000
	add, ID = 12, 7400
	add, ID = 13, 7400
	add, ID = 14, 4600
	add, ID = 15, 8700
	add, ID = 16, 1800
	add, ID = 17, 1900
	add, ID = 18, 2300
	add, ID = 19, 1900
	add, ID = 20, 1900
	add, ID = 21, 6400
	add, ID = 22, 14100
	add, ID = 23, 6500
	add, ID = 24, 4100
	add, ID = 25, 2000
	add, ID = 26, 4800
	add, ID = 27, 7100
	add, ID = 28, 1900
	add, ID = 29, 6300
	add, ID = 30, 4300
	add, ID = 31, 4900
	add, ID = 32, 7200
	add, ID = 33, 9000
	add, ID = 34, 7100
	add, ID = 35, 6600
	add, ID = 36, 1900
	add, ID = 37, 1900
	add, ID = 38, 6400
	add, ID = 39, 1500
	add, ID = 40, 4200
	add, ID = 41, 4200
	add, ID = 42, 14000
	add, ID = 43, 3100
	add, ID = 44, 22700
	add, ID = 45, 1500
	add, ID = 46, 1500
	add, ID = 47, 9600
	add, ID = 48, 3700
	add, ID = 49, 10700
	add, ID = 50, 1500
	add, ID = 51, 6500
	add, ID = 52, 5400
	add, ID = 53, 2300
	add, ID = 54, 1800
	add, ID = 55, 1600
	add, ID = 56, 4000
	add, ID = 57, 4500
	add, ID = 58, 7300
	add, ID = 59, 2100
	add, ID = 60, 4500
	add, ID = 61, 6300
	add, ID = 62, 6500
	add, ID = 63, 6600
	add, ID = 64, 34900
	add, ID = 65, 1700
	add, ID = 66, 2600
	add, ID = 67, 4700
	add, ID = 68, 6600
	add, ID = 69, 2100
	add, ID = 70, 6500
	add, ID = 71, 4800
	add, ID = 72, 4000
	add, ID = 73, 9300
	add, ID = 74, 2200
	add, ID = 75, 2500
	add, ID = 76, 2600
	add, ID = 77, 14500
	add, ID = 78, 6700
	add, ID = 79, 6300
	add, ID = 80, 4000
	add, ID = 81, 7300
	add, ID = 82, 6100
	add, ID = 83, 8400
	add, ID = 84, 6200
	add, ID = 85, 1500
	add, ID = 86, 1900
	add, ID = 87, 1500
	add, ID = 88, 4000
	add, ID = 89, 1400
	add, ID = 90, 5800
	add, ID = 91, 1600
	add, ID = 92, 1400
	add, ID = 93, 1300
	add, ID = 94, 3500
	add, ID = 95, 1400
	add, ID = 96, 6300
	add, ID = 97, 3100
	add, ID = 98, 7200
	add, ID = 99, 7000
	addTotal = 32342300
	addMedium = 323423
	remove, ID = 42, 19300
	remove, ID = 32, 14600
	remove, ID = 58, 3500
	remove, ID = 10, 8800
	remove, ID = 29, 11400
	remove, ID = 66, 9200
	remove, ID = 67, 5000
	remove, ID = 58, 10900
	remove, ID = 13, 4400
	remove, ID = 46, 8600
	removeTotal = 2755000
	removeMedium = 27550

	add, ID = 0, 6400
	add, ID = 1, 5400
	add, ID = 2, 6900
	add, ID = 3, 9300
	add, ID = 4, 9000
	add, ID = 5, 7300
	add, ID = 6, 2600
	add, ID = 7, 2300
	add, ID = 8, 2200
	add, ID = 9, 8900
	add, ID = 10, 31500
	add, ID = 11, 16000
	add, ID = 12, 2800
	add, ID = 13, 22900
	add, ID = 14, 16700
	add, ID = 15, 27400
	add, ID = 16, 7000
	add, ID = 17, 2000
	add, ID = 18, 6700
	add, ID = 19, 6900
	add, ID = 20, 4400
	add, ID = 21, 6300
	add, ID = 22, 9100
	add, ID = 23, 1700
	add, ID = 24, 2000
	add, ID = 25, 6300
	add, ID = 26, 6100
	add, ID = 27, 1700
	add, ID = 28, 6000
	add, ID = 29, 3400
	add, ID = 30, 1800
	add, ID = 31, 6100
	add, ID = 32, 1700
	add, ID = 33, 41400
	add, ID = 34, 2600
	add, ID = 35, 5000
	add, ID = 36, 7500
	add, ID = 37, 18000
	add, ID = 38, 9500
	add, ID = 39, 2400
	add, ID = 40, 9900
	add, ID = 41, 2500
	add, ID = 42, 24700
	add, ID = 43, 2300
	add, ID = 44, 23800
	add, ID = 45, 1600
	add, ID = 46, 6300
	add, ID = 47, 1700
	add, ID = 48, 5900
	add, ID = 49, 9300
	add, ID = 50, 6600
	add, ID = 51, 6200
	add, ID = 52, 6000
	add, ID = 53, 2700
	add, ID = 54, 6600
	add, ID = 55, 6700
	add, ID = 56, 7400
	add, ID = 57, 12600
	add, ID = 58, 2500
	add, ID = 59, 6600
	add, ID = 60, 2100
	add, ID = 61, 6700
	add, ID = 62, 2100
	add, ID = 63, 2500
	add, ID = 64, 37900
	add, ID = 65, 7300
	add, ID = 66, 2900
	add, ID = 67, 14500
	add, ID = 68, 6800
	add, ID = 69, 2200
	add, ID = 70, 2200
	add, ID = 71, 8100
	add, ID = 72, 2100
	add, ID = 73, 17700
	add, ID = 74, 2200
	add, ID = 75, 2000
	add, ID = 76, 1900
	add, ID = 77, 1700
	add, ID = 78, 2000
	add, ID = 79, 2000
	add, ID = 80, 2700
	add, ID = 81, 7100
	add, ID = 82, 1600
	add, ID = 83, 6400
	add, ID = 84, 1500
	add, ID = 85, 3800
	add, ID = 86, 2300
	add, ID = 87, 2000
	add, ID = 88, 1500
	add, ID = 89, 3600
	add, ID = 90, 6300
	add, ID = 91, 9100
	add, ID = 92, 3900
	add, ID = 93, 6700
	add, ID = 94, 9900
	add, ID = 95, 2200
	add, ID = 96, 2000
	add, ID = 97, 5700
	add, ID = 98, 33800
	add, ID = 99, 7500
	addTotal = 33549700
	addMedium = 335497
	remove, ID = 61, 20300
	remove, ID = 88, 12300
	remove, ID = 82, 22700
	remove, ID = 31, 8300
	remove, ID = 76, 5700
	remove, ID = 4, 6000
	remove, ID = 86, 14300
	remove, ID = 21, 6400
	remove, ID = 19, 6200
	remove, ID = 20, 9300
	removeTotal = 3644600
	removeMedium = 36446

