	add, ID = 0, 5100
	add, ID = 1, 3900
	add, ID = 2, 2300
	add, ID = 3, 1900
	add, ID = 4, 1600
	add, ID = 5, 1700
	add, ID = 6, 4100
	add, ID = 7, 12500
	add, ID = 8, 2400
	add, ID = 9, 2200
	add, ID = 10, 2000
	add, ID = 11, 4700
	add, ID = 12, 2300
	add, ID = 13, 2200
	add, ID = 14, 1900
	add, ID = 15, 1300
	add, ID = 16, 1100
	add, ID = 17, 2200
	add, ID = 18, 1200
	add, ID = 19, 1100
	add, ID = 20, 3400
	add, ID = 21, 4100
	add, ID = 22, 2600
	add, ID = 23, 1300
	add, ID = 24, 1100
	add, ID = 25, 1100
	add, ID = 26, 3700
	add, ID = 27, 1700
	add, ID = 28, 1400
	add, ID = 29, 10000
	add, ID = 30, 3300
	add, ID = 31, 6100
	add, ID = 32, 3300
	add, ID = 33, 2200
	add, ID = 34, 1600
	add, ID = 35, 1200
	add, ID = 36, 1700
	add, ID = 37, 1500
	add, ID = 38, 1800
	add, ID = 39, 1600
	add, ID = 40, 5900
	add, ID = 41, 1300
	add, ID = 42, 1200
	add, ID = 43, 3500
	add, ID = 44, 1400
	add, ID = 45, 6200
	add, ID = 46, 1100
	add, ID = 47, 1000
	add, ID = 48, 1300
	add, ID = 49, 1000
	add, ID = 50, 1500
	add, ID = 51, 2300
	add, ID = 52, 1700
	add, ID = 53, 1500
	add, ID = 54, 3900
	add, ID = 55, 1400
	add, ID = 56, 13700
	add, ID = 57, 7500
	add, ID = 58, 1400
	add, ID = 59, 1300
	add, ID = 60, 1300
	add, ID = 61, 4200
	add, ID = 62, 1200
	add, ID = 63, 1300
	add, ID = 64, 1300
	add, ID = 65, 1300
	add, ID = 66, 1200
	add, ID = 67, 70400
	add, ID = 68, 2200
	add, ID = 69, 2000
	add, ID = 70, 1800
	add, ID = 71, 1600
	add, ID = 72, 1800
	add, ID = 73, 1700
	add, ID = 74, 2000
	add, ID = 75, 6700
	add, ID = 76, 2100
	add, ID = 77, 1800
	add, ID = 78, 1900
	add, ID = 79, 2100
	add, ID = 80, 4400
	add, ID = 81, 2700
	add, ID = 82, 2000
	add, ID = 83, 12300
	add, ID = 84, 3800
	add, ID = 85, 2700
	add, ID = 86, 5500
	add, ID = 87, 2200
	add, ID = 88, 2000
	add, ID = 89, 1500
	add, ID = 90, 3000
	add, ID = 91, 4500
	add, ID = 92, 7100
	add, ID = 93, 2500
	add, ID = 94, 2500
	add, ID = 95, 1700
	add, ID = 96, 3700
	add, ID = 97, 3500
	add, ID = 98, 1600
	add, ID = 99, 2300
	add, ID = 100, 1500
	add, ID = 101, 1500
	add, ID = 102, 45100
	add, ID = 103, 3100
	add, ID = 104, 6700
	add, ID = 105, 2800
	add, ID = 106, 72200
	add, ID = 107, 2300
	add, ID = 108, 3000
	add, ID = 109, 2800
	add, ID = 110, 2400
	add, ID = 111, 6800
	add, ID = 112, 1900
	add, ID = 113, 1600
	add, ID = 114, 7600
	add, ID = 115, 2200
	add, ID = 116, 13900
	add, ID = 117, 1800
	add, ID = 118, 4500
	add, ID = 119, 2900
	add, ID = 120, 1300
	add, ID = 121, 4100
	add, ID = 122, 1800
	add, ID = 123, 3700
	add, ID = 124, 3900
	add, ID = 125, 1600
	add, ID = 126, 4100
	add, ID = 127, 1800
	add, ID = 128, 6500
	add, ID = 129, 2100
	add, ID = 130, 3300
	add, ID = 131, 2200
	add, ID = 132, 2800
	add, ID = 133, 3000
	add, ID = 134, 4300
	add, ID = 135, 17100
	add, ID = 136, 14100
	add, ID = 137, 7300
	add, ID = 138, 1700
	add, ID = 139, 2100
	add, ID = 140, 1500
	add, ID = 141, 3400
	add, ID = 142, 1100
	add, ID = 143, 1000
	add, ID = 144, 1300
	add, ID = 145, 4300
	add, ID = 146, 1900
	add, ID = 147, 2300
	add, ID = 148, 10400
	add, ID = 149, 1200
	add, ID = 150, 3900
	add, ID = 151, 3300
	add, ID = 152, 1900
	add, ID = 153, 1000
	add, ID = 154, 900
	add, ID = 155, 3200
	add, ID = 156, 1000
	add, ID = 157, 1100
	add, ID = 158, 1600
	add, ID = 159, 3600
	add, ID = 160, 1000
	add, ID = 161, 1000
	add, ID = 162, 1100
	add, ID = 163, 1000
	add, ID = 164, 900
	add, ID = 165, 3800
	add, ID = 166, 3000
	add, ID = 167, 2700
	add, ID = 168, 2700
	add, ID = 169, 1900
	add, ID = 170, 1700
	add, ID = 171, 1500
	add, ID = 172, 6200
	add, ID = 173, 1400
	add, ID = 174, 6000
	add, ID = 175, 1100
	add, ID = 176, 1300
	add, ID = 177, 3800
	add, ID = 178, 1400
	add, ID = 179, 5500
	add, ID = 180, 2200
	add, ID = 181, 13800
	add, ID = 182, 1500
	add, ID = 183, 1500
	add, ID = 184, 1200
	add, ID = 185, 1800
	add, ID = 186, 1600
	add, ID = 187, 1700
	add, ID = 188, 1700
	add, ID = 189, 1600
	add, ID = 190, 2100
	add, ID = 191, 2400
	add, ID = 192, 1900
	add, ID = 193, 1600
	add, ID = 194, 1900
	add, ID = 195, 2000
	add, ID = 196, 6600
	add, ID = 197, 2600
	add, ID = 198, 1500
	add, ID = 199, 3500
	add, ID = 200, 1400
	add, ID = 201, 1200
	add, ID = 202, 1200
	add, ID = 203, 1400
	add, ID = 204, 1600
	add, ID = 205, 1500
	add, ID = 206, 1900
	add, ID = 207, 1500
	add, ID = 208, 1600
	add, ID = 209, 1400
	add, ID = 210, 1000
	add, ID = 211, 3200
	add, ID = 212, 800
	add, ID = 213, 900
	add, ID = 214, 3300
	add, ID = 215, 4100
	add, ID = 216, 900
	add, ID = 217, 1000
	add, ID = 218, 900
	add, ID = 219, 3300
	add, ID = 220, 800
	add, ID = 221, 3100
	add, ID = 222, 1000
	add, ID = 223, 1000
	add, ID = 224, 900
	add, ID = 225, 6000
	add, ID = 226, 3300
	add, ID = 227, 900
	add, ID = 228, 900
	add, ID = 229, 900
	add, ID = 230, 800
	add, ID = 231, 1000
	add, ID = 232, 1900
	add, ID = 233, 700
	add, ID = 234, 1700
	add, ID = 235, 1600
	add, ID = 236, 1500
	add, ID = 237, 10000
	add, ID = 238, 1900
	add, ID = 239, 1500
	add, ID = 240, 1800
	add, ID = 241, 2000
	add, ID = 242, 3200
	add, ID = 243, 3000
	add, ID = 244, 2300
	add, ID = 245, 4500
	add, ID = 246, 2900
	add, ID = 247, 2300
	add, ID = 248, 2000
	add, ID = 249, 1700
	add, ID = 250, 6500
	add, ID = 251, 4300
	add, ID = 252, 4400
	add, ID = 253, 2600
	add, ID = 254, 2100
	add, ID = 255, 1800
	add, ID = 256, 1700
	add, ID = 257, 3800
	add, ID = 258, 1400
	add, ID = 259, 4400
	add, ID = 260, 1500
	add, ID = 261, 1500
	add, ID = 262, 1300
	add, ID = 263, 1200
	add, ID = 264, 1200
	add, ID = 265, 1200
	add, ID = 266, 2700
	add, ID = 267, 2400
	add, ID = 268, 7200
	add, ID = 269, 1500
	add, ID = 270, 2500
	add, ID = 271, 2500
	add, ID = 272, 8900
	add, ID = 273, 47500
	add, ID = 274, 9300
	add, ID = 275, 5100
	add, ID = 276, 15400
	add, ID = 277, 1200
	add, ID = 278, 900
	add, ID = 279, 3400
	add, ID = 280, 3300
	add, ID = 281, 900
	add, ID = 282, 3000
	add, ID = 283, 900
	add, ID = 284, 700
	add, ID = 285, 700
	add, ID = 286, 3100
	add, ID = 287, 900
	add, ID = 288, 800
	add, ID = 289, 1100
	add, ID = 290, 900
	add, ID = 291, 900
	add, ID = 292, 2300
	add, ID = 293, 3500
	add, ID = 294, 700
	add, ID = 295, 900
	add, ID = 296, 3000
	add, ID = 297, 500
	add, ID = 298, 1000
	add, ID = 299, 1900
	add, ID = 300, 4100
	add, ID = 301, 1300
	add, ID = 302, 1200
	add, ID = 303, 1300
	add, ID = 304, 14700
	add, ID = 305, 900
	add, ID = 306, 900
	add, ID = 307, 1600
	add, ID = 308, 900
	add, ID = 309, 800
	add, ID = 310, 800
	add, ID = 311, 900
	add, ID = 312, 1300
	add, ID = 313, 3800
	add, ID = 314, 6200
	add, ID = 315, 4900
	add, ID = 316, 3500
	add, ID = 317, 5800
	add, ID = 318, 1100
	add, ID = 319, 1000
	add, ID = 320, 800
	add, ID = 321, 36700
	add, ID = 322, 4400
	add, ID = 323, 1500
	add, ID = 324, 1100
	add, ID = 325, 5900
	add, ID = 326, 3200
	add, ID = 327, 700
	add, ID = 328, 700
	add, ID = 329, 1000
	add, ID = 330, 3000
	add, ID = 331, 1200
	add, ID = 332, 2100
	add, ID = 333, 1200
	add, ID = 334, 3500
	add, ID = 335, 1400
	add, ID = 336, 900
	add, ID = 337, 27100
	add, ID = 338, 1000
	add, ID = 339, 900
	add, ID = 340, 900
	add, ID = 341, 12700
	add, ID = 342, 1000
	add, ID = 343, 900
	add, ID = 344, 800
	add, ID = 345, 800
	add, ID = 346, 700
	add, ID = 347, 1000
	add, ID = 348, 700
	add, ID = 349, 800
	add, ID = 350, 2300
	add, ID = 351, 1200
	add, ID = 352, 3500
	add, ID = 353, 900
	add, ID = 354, 1000
	add, ID = 355, 800
	add, ID = 356, 800
	add, ID = 357, 700
	add, ID = 358, 2000
	add, ID = 359, 1700
	add, ID = 360, 7900
	add, ID = 361, 1900
	add, ID = 362, 1300
	add, ID = 363, 1400
	add, ID = 364, 1000
	add, ID = 365, 800
	add, ID = 366, 900
	add, ID = 367, 1100
	add, ID = 368, 1100
	add, ID = 369, 1100
	add, ID = 370, 1100
	add, ID = 371, 900
	add, ID = 372, 1200
	add, ID = 373, 1000
	add, ID = 374, 800
	add, ID = 375, 1300
	add, ID = 376, 900
	add, ID = 377, 3100
	add, ID = 378, 3000
	add, ID = 379, 1000
	add, ID = 380, 700
	add, ID = 381, 700
	add, ID = 382, 1000
	add, ID = 383, 3400
	add, ID = 384, 1100
	add, ID = 385, 1300
	add, ID = 386, 1600
	add, ID = 387, 1100
	add, ID = 388, 3500
	add, ID = 389, 1500
	add, ID = 390, 1800
	add, ID = 391, 1400
	add, ID = 392, 800
	add, ID = 393, 3100
	add, ID = 394, 2900
	add, ID = 395, 600
	add, ID = 396, 600
	add, ID = 397, 800
	add, ID = 398, 700
	add, ID = 399, 8100
	add, ID = 400, 1100
	add, ID = 401, 700
	add, ID = 402, 3200
	add, ID = 403, 900
	add, ID = 404, 900
	add, ID = 405, 1100
	add, ID = 406, 800
	add, ID = 407, 900
	add, ID = 408, 900
	add, ID = 409, 3100
	add, ID = 410, 800
	add, ID = 411, 800
	add, ID = 412, 1100
	add, ID = 413, 800
	add, ID = 414, 700
	add, ID = 415, 4700
	add, ID = 416, 6600
	add, ID = 417, 900
	add, ID = 418, 3200
	add, ID = 419, 1000
	add, ID = 420, 7200
	add, ID = 421, 1600
	add, ID = 422, 7100
	add, ID = 423, 1000
	add, ID = 424, 3500
	add, ID = 425, 4700
	add, ID = 426, 1000
	add, ID = 427, 1100
	add, ID = 428, 3400
	add, ID = 429, 1100
	add, ID = 430, 3200
	add, ID = 431, 3200
	add, ID = 432, 700
	add, ID = 433, 600
	add, ID = 434, 700
	add, ID = 435, 3100
	add, ID = 436, 800
	add, ID = 437, 700
	add, ID = 438, 700
	add, ID = 439, 6600
	add, ID = 440, 3400
	add, ID = 441, 2200
	add, ID = 442, 1200
	add, ID = 443, 1400
	add, ID = 444, 2100
	add, ID = 445, 1000
	add, ID = 446, 1000
	add, ID = 447, 1500
	add, ID = 448, 1000
	add, ID = 449, 14900
	add, ID = 450, 1100
	add, ID = 451, 1000
	add, ID = 452, 800
	add, ID = 453, 3400
	add, ID = 454, 5700
	add, ID = 455, 1100
	add, ID = 456, 1000
	add, ID = 457, 6200
	add, ID = 458, 900
	add, ID = 459, 1100
	add, ID = 460, 3400
	add, ID = 461, 1100
	add, ID = 462, 1700
	add, ID = 463, 3700
	add, ID = 464, 800
	add, ID = 465, 1500
	add, ID = 466, 6600
	add, ID = 467, 1100
	add, ID = 468, 1200
	add, ID = 469, 3100
	add, ID = 470, 1000
	add, ID = 471, 700
	add, ID = 472, 1100
	add, ID = 473, 3200
	add, ID = 474, 3100
	add, ID = 475, 800
	add, ID = 476, 500
	add, ID = 477, 700
	add, ID = 478, 700
	add, ID = 479, 3000
	add, ID = 480, 800
	add, ID = 481, 900
	add, ID = 482, 700
	add, ID = 483, 800
	add, ID = 484, 900
	add, ID = 485, 7400
	add, ID = 486, 900
	add, ID = 487, 900
	add, ID = 488, 118100
	add, ID = 489, 6300
	add, ID = 490, 1500
	add, ID = 491, 1400
	add, ID = 492, 6000
	add, ID = 493, 2600
	add, ID = 494, 1000
	add, ID = 495, 3200
	add, ID = 496, 700
	add, ID = 497, 2100
	add, ID = 498, 1000
	add, ID = 499, 3900
	add, ID = 500, 1600
	add, ID = 501, 1000
	add, ID = 502, 1200
	add, ID = 503, 1000
	add, ID = 504, 3600
	add, ID = 505, 3500
	add, ID = 506, 800
	add, ID = 507, 1200
	add, ID = 508, 900
	add, ID = 509, 700
	add, ID = 510, 1200
	add, ID = 511, 1000
	add, ID = 512, 800
	add, ID = 513, 700
	add, ID = 514, 1000
	add, ID = 515, 5600
	add, ID = 516, 3300
	add, ID = 517, 900
	add, ID = 518, 1100
	add, ID = 519, 3500
	add, ID = 520, 1200
	add, ID = 521, 3400
	add, ID = 522, 1700
	add, ID = 523, 1800
	add, ID = 524, 1200
	add, ID = 525, 4800
	add, ID = 526, 1300
	add, ID = 527, 700
	add, ID = 528, 14300
	add, ID = 529, 1900
	add, ID = 530, 1400
	add, ID = 531, 1200
	add, ID = 532, 1400
	add, ID = 533, 3200
	add, ID = 534, 3200
	add, ID = 535, 3300
	add, ID = 536, 1000
	add, ID = 537, 3400
	add, ID = 538, 3500
	add, ID = 539, 3000
	add, ID = 540, 700
	add, ID = 541, 700
	add, ID = 542, 3100
	add, ID = 543, 1400
	add, ID = 544, 1900
	add, ID = 545, 1100
	add, ID = 546, 1400
	add, ID = 547, 1500
	add, ID = 548, 1700
	add, ID = 549, 1200
	add, ID = 550, 6200
	add, ID = 551, 3700
	add, ID = 552, 1000
	add, ID = 553, 3200
	add, ID = 554, 800
	add, ID = 555, 700
	add, ID = 556, 2900
	add, ID = 557, 500
	add, ID = 558, 2900
	add, ID = 559, 1800
	add, ID = 560, 2700
	add, ID = 561, 500
	add, ID = 562, 3000
	add, ID = 563, 3000
	add, ID = 564, 3200
	add, ID = 565, 1000
	add, ID = 566, 1000
	add, ID = 567, 3200
	add, ID = 568, 500
	add, ID = 569, 700
	add, ID = 570, 600
	add, ID = 571, 4200
	add, ID = 572, 1800
	add, ID = 573, 1100
	add, ID = 574, 2600
	add, ID = 575, 1100
	add, ID = 576, 6200
	add, ID = 577, 1200
	add, ID = 578, 1300
	add, ID = 579, 1200
	add, ID = 580, 6100
	add, ID = 581, 1300
	add, ID = 582, 1200
	add, ID = 583, 1400
	add, ID = 584, 900
	add, ID = 585, 1200
	add, ID = 586, 900
	add, ID = 587, 1000
	add, ID = 588, 1100
	add, ID = 589, 3100
	add, ID = 590, 3700
	add, ID = 591, 900
	add, ID = 592, 2100
	add, ID = 593, 7200
	add, ID = 594, 800
	add, ID = 595, 1600
	add, ID = 596, 1000
	add, ID = 597, 1600
	add, ID = 598, 7100
	add, ID = 599, 800
	add, ID = 600, 700
	add, ID = 601, 800
	add, ID = 602, 1300
	add, ID = 603, 3200
	add, ID = 604, 900
	add, ID = 605, 3900
	add, ID = 606, 1100
	add, ID = 607, 3200
	add, ID = 608, 700
	add, ID = 609, 900
	add, ID = 610, 900
	add, ID = 611, 800
	add, ID = 612, 700
	add, ID = 613, 800
	add, ID = 614, 900
	add, ID = 615, 700
	add, ID = 616, 1600
	add, ID = 617, 4000
	add, ID = 618, 1000
	add, ID = 619, 1000
	add, ID = 620, 2100
	add, ID = 621, 7300
	add, ID = 622, 1100
	add, ID = 623, 900
	add, ID = 624, 3600
	add, ID = 625, 1000
	add, ID = 626, 1100
	add, ID = 627, 900
	add, ID = 628, 1100
	add, ID = 629, 1200
	add, ID = 630, 3200
	add, ID = 631, 3200
	add, ID = 632, 900
	add, ID = 633, 900
	add, ID = 634, 3000
	add, ID = 635, 3000
	add, ID = 636, 900
	add, ID = 637, 700
	add, ID = 638, 600
	add, ID = 639, 3200
	add, ID = 640, 700
	add, ID = 641, 800
	add, ID = 642, 800
	add, ID = 643, 3300
	add, ID = 644, 1100
	add, ID = 645, 1200
	add, ID = 646, 900
	add, ID = 647, 700
	add, ID = 648, 1700
	add, ID = 649, 1800
	add, ID = 650, 1100
	add, ID = 651, 3400
	add, ID = 652, 4800
	add, ID = 653, 3100
	add, ID = 654, 600
	add, ID = 655, 700
	add, ID = 656, 600
	add, ID = 657, 2900
	add, ID = 658, 600
	add, ID = 659, 1500
	add, ID = 660, 1200
	add, ID = 661, 1000
	add, ID = 662, 900
	add, ID = 663, 800
	add, ID = 664, 3100
	add, ID = 665, 700
	add, ID = 666, 3200
	add, ID = 667, 3500
	add, ID = 668, 1000
	add, ID = 669, 1000
	add, ID = 670, 1100
	add, ID = 671, 3200
	add, ID = 672, 3300
	add, ID = 673, 1300
	add, ID = 674, 3400
	add, ID = 675, 900
	add, ID = 676, 1200
	add, ID = 677, 1100
	add, ID = 678, 1300
	add, ID = 679, 800
	add, ID = 680, 1400
	add, ID = 681, 900
	add, ID = 682, 900
	add, ID = 683, 700
	add, ID = 684, 1100
	add, ID = 685, 900
	add, ID = 686, 600
	add, ID = 687, 5800
	add, ID = 688, 1100
	add, ID = 689, 3300
	add, ID = 690, 3200
	add, ID = 691, 900
	add, ID = 692, 900
	add, ID = 693, 3100
	add, ID = 694, 900
	add, ID = 695, 4700
	add, ID = 696, 600
	add, ID = 697, 800
	add, ID = 698, 600
	add, ID = 699, 900
	add, ID = 700, 900
	add, ID = 701, 3100
	add, ID = 702, 1400
	add, ID = 703, 1100
	add, ID = 704, 900
	add, ID = 705, 600
	add, ID = 706, 2900
	add, ID = 707, 2900
	add, ID = 708, 1400
	add, ID = 709, 7000
	add, ID = 710, 900
	add, ID = 711, 1100
	add, ID = 712, 5200
	add, ID = 713, 900
	add, ID = 714, 900
	add, ID = 715, 800
	add, ID = 716, 700
	add, ID = 717, 1200
	add, ID = 718, 1000
	add, ID = 719, 900
	add, ID = 720, 3500
	add, ID = 721, 1100
	add, ID = 722, 3300
	add, ID = 723, 900
	add, ID = 724, 1000
	add, ID = 725, 1100
	add, ID = 726, 1000
	add, ID = 727, 1200
	add, ID = 728, 2900
	add, ID = 729, 700
	add, ID = 730, 3000
	add, ID = 731, 1000
	add, ID = 732, 800
	add, ID = 733, 3700
	add, ID = 734, 1100
	add, ID = 735, 700
	add, ID = 736, 3200
	add, ID = 737, 900
	add, ID = 738, 2800
	add, ID = 739, 3500
	add, ID = 740, 3200
	add, ID = 741, 3300
	add, ID = 742, 700
	add, ID = 743, 3900
	add, ID = 744, 1000
	add, ID = 745, 800
	add, ID = 746, 900
	add, ID = 747, 3200
	add, ID = 748, 900
	add, ID = 749, 800
	add, ID = 750, 3300
	add, ID = 751, 600
	add, ID = 752, 600
	add, ID = 753, 700
	add, ID = 754, 900
	add, ID = 755, 2100
	add, ID = 756, 700
	add, ID = 757, 700
	add, ID = 758, 600
	add, ID = 759, 800
	add, ID = 760, 3100
	add, ID = 761, 700
	add, ID = 762, 700
	add, ID = 763, 900
	add, ID = 764, 700
	add, ID = 765, 700
	add, ID = 766, 1100
	add, ID = 767, 900
	add, ID = 768, 800
	add, ID = 769, 1000
	add, ID = 770, 3300
	add, ID = 771, 1000
	add, ID = 772, 3400
	add, ID = 773, 1400
	add, ID = 774, 1400
	add, ID = 775, 1200
	add, ID = 776, 1400
	add, ID = 777, 1700
	add, ID = 778, 1500
	add, ID = 779, 1400
	add, ID = 780, 1200
	add, ID = 781, 1300
	add, ID = 782, 1200
	add, ID = 783, 1200
	add, ID = 784, 1200
	add, ID = 785, 3600
	add, ID = 786, 1000
	add, ID = 787, 1100
	add, ID = 788, 3400
	add, ID = 789, 900
	add, ID = 790, 900
	add, ID = 791, 500
	add, ID = 792, 600
	add, ID = 793, 700
	add, ID = 794, 600
	add, ID = 795, 500
	add, ID = 796, 3300
	add, ID = 797, 3000
	add, ID = 798, 700
	add, ID = 799, 800
	add, ID = 800, 800
	add, ID = 801, 3000
	add, ID = 802, 700
	add, ID = 803, 2800
	add, ID = 804, 700
	add, ID = 805, 700
	add, ID = 806, 600
	add, ID = 807, 2900
	add, ID = 808, 700
	add, ID = 809, 900
	add, ID = 810, 800
	add, ID = 811, 3100
	add, ID = 812, 700
	add, ID = 813, 600
	add, ID = 814, 800
	add, ID = 815, 700
	add, ID = 816, 600
	add, ID = 817, 3100
	add, ID = 818, 800
	add, ID = 819, 600
	add, ID = 820, 900
	add, ID = 821, 700
	add, ID = 822, 800
	add, ID = 823, 3100
	add, ID = 824, 900
	add, ID = 825, 3100
	add, ID = 826, 900
	add, ID = 827, 1400
	add, ID = 828, 800
	add, ID = 829, 2900
	add, ID = 830, 700
	add, ID = 831, 700
	add, ID = 832, 2800
	add, ID = 833, 500
	add, ID = 834, 3100
	add, ID = 835, 2900
	add, ID = 836, 600
	add, ID = 837, 600
	add, ID = 838, 600
	add, ID = 839, 600
	add, ID = 840, 500
	add, ID = 841, 2200
	add, ID = 842, 600
	add, ID = 843, 2900
	add, ID = 844, 900
	add, ID = 845, 600
	add, ID = 846, 500
	add, ID = 847, 2800
	add, ID = 848, 500
	add, ID = 849, 500
	add, ID = 850, 400
	add, ID = 851, 3000
	add, ID = 852, 2700
	add, ID = 853, 700
	add, ID = 854, 700
	add, ID = 855, 500
	add, ID = 856, 700
	add, ID = 857, 3000
	add, ID = 858, 6500
	add, ID = 859, 900
	add, ID = 860, 2900
	add, ID = 861, 600
	add, ID = 862, 600
	add, ID = 863, 500
	add, ID = 864, 500
	add, ID = 865, 600
	add, ID = 866, 2800
	add, ID = 867, 2800
	add, ID = 868, 400
	add, ID = 869, 500
	add, ID = 870, 600
	add, ID = 871, 600
	add, ID = 872, 700
	add, ID = 873, 800
	add, ID = 874, 500
	add, ID = 875, 700
	add, ID = 876, 600
	add, ID = 877, 700
	add, ID = 878, 600
	add, ID = 879, 800
	add, ID = 880, 2900
	add, ID = 881, 700
	add, ID = 882, 1100
	add, ID = 883, 1100
	add, ID = 884, 3300
	add, ID = 885, 1300
	add, ID = 886, 3900
	add, ID = 887, 3400
	add, ID = 888, 1000
	add, ID = 889, 1000
	add, ID = 890, 3100
	add, ID = 891, 900
	add, ID = 892, 1000
	add, ID = 893, 800
	add, ID = 894, 700
	add, ID = 895, 3100
	add, ID = 896, 800
	add, ID = 897, 3300
	add, ID = 898, 1000
	add, ID = 899, 800
	add, ID = 900, 800
	add, ID = 901, 900
	add, ID = 902, 3200
	add, ID = 903, 1100
	add, ID = 904, 800
	add, ID = 905, 800
	add, ID = 906, 900
	add, ID = 907, 3100
	add, ID = 908, 2900
	add, ID = 909, 2900
	add, ID = 910, 700
	add, ID = 911, 3000
	add, ID = 912, 700
	add, ID = 913, 600
	add, ID = 914, 600
	add, ID = 915, 1400
	add, ID = 916, 600
	add, ID = 917, 600
	add, ID = 918, 800
	add, ID = 919, 3000
	add, ID = 920, 3000
	add, ID = 921, 700
	add, ID = 922, 2800
	add, ID = 923, 2900
	add, ID = 924, 600
	add, ID = 925, 2700
	add, ID = 926, 400
	add, ID = 927, 1000
	add, ID = 928, 600
	add, ID = 929, 700
	add, ID = 930, 500
	add, ID = 931, 600
	add, ID = 932, 500
	add, ID = 933, 500
	add, ID = 934, 500
	add, ID = 935, 2900
	add, ID = 936, 500
	add, ID = 937, 2800
	add, ID = 938, 400
	add, ID = 939, 500
	add, ID = 940, 500
	add, ID = 941, 2600
	add, ID = 942, 3100
	add, ID = 943, 700
	add, ID = 944, 600
	add, ID = 945, 500
	add, ID = 946, 500
	add, ID = 947, 2700
	add, ID = 948, 500
	add, ID = 949, 400
	add, ID = 950, 400
	add, ID = 951, 500
	add, ID = 952, 2800
	add, ID = 953, 600
	add, ID = 954, 700
	add, ID = 955, 1100
	add, ID = 956, 800
	add, ID = 957, 700
	add, ID = 958, 700
	add, ID = 959, 700
	add, ID = 960, 1000
	add, ID = 961, 600
	add, ID = 962, 700
	add, ID = 963, 500
	add, ID = 964, 600
	add, ID = 965, 800
	add, ID = 966, 600
	add, ID = 967, 600
	add, ID = 968, 2800
	add, ID = 969, 2800
	add, ID = 970, 500
	add, ID = 971, 2800
	add, ID = 972, 400
	add, ID = 973, 500
	add, ID = 974, 600
	add, ID = 975, 1100
	add, ID = 976, 700
	add, ID = 977, 600
	add, ID = 978, 500
	add, ID = 979, 800
	add, ID = 980, 600
	add, ID = 981, 900
	add, ID = 982, 3000
	add, ID = 983, 3400
	add, ID = 984, 1300
	add, ID = 985, 1100
	add, ID = 986, 900
	add, ID = 987, 700
	add, ID = 988, 700
	add, ID = 989, 700
	add, ID = 990, 700
	add, ID = 991, 600
	add, ID = 992, 700
	add, ID = 993, 500
	add, ID = 994, 2600
	add, ID = 995, 2500
	add, ID = 996, 1300
	add, ID = 997, 6000
	add, ID = 998, 3200
	add, ID = 999, 3000
	addTotal = 235938600
	addMedium = 235938
	remove, ID = 893, 6700
	remove, ID = 472, 37800
	remove, ID = 299, 23100
	remove, ID = 347, 4200
	remove, ID = 160, 19900
	remove, ID = 482, 4800
	remove, ID = 842, 15800
	remove, ID = 553, 15300
	remove, ID = 531, 26600
	remove, ID = 107, 26500
	remove, ID = 89, 12500
	remove, ID = 899, 1200
	remove, ID = 982, 3300
	remove, ID = 711, 15500
	remove, ID = 563, 11200
	remove, ID = 951, 17200
	remove, ID = 722, 42600
	remove, ID = 62, 22200
	remove, ID = 627, 20300
	remove, ID = 918, 20800
	remove, ID = 58, 26200
	remove, ID = 672, 21300
	remove, ID = 300, 34300
	remove, ID = 39, 33100
	remove, ID = 423, 25300
	remove, ID = 905, 6300
	remove, ID = 547, 5400
	remove, ID = 3, 7400
	remove, ID = 122, 31700
	remove, ID = 314, 14300
	remove, ID = 887, 4600
	remove, ID = 134, 10700
	remove, ID = 257, 9000
	remove, ID = 435, 7000
	remove, ID = 939, 36500
	remove, ID = 160, 14200
	remove, ID = 404, 13500
	remove, ID = 732, 10400
	remove, ID = 639, 5500
	remove, ID = 447, 22000
	remove, ID = 896, 5500
	remove, ID = 731, 30300
	remove, ID = 739, 20200
	remove, ID = 202, 25200
	remove, ID = 868, 7900
	remove, ID = 505, 29300
	remove, ID = 379, 16600
	remove, ID = 22, 20600
	remove, ID = 682, 6500
	remove, ID = 691, 39300
	remove, ID = 458, 3400
	remove, ID = 374, 28400
	remove, ID = 271, 4500
	remove, ID = 209, 6800
	remove, ID = 595, 18100
	remove, ID = 198, 10200
	remove, ID = 476, 4800
	remove, ID = 209, 2900
	remove, ID = 537, 2700
	remove, ID = 344, 30800
	remove, ID = 745, 23300
	remove, ID = 311, 7400
	remove, ID = 852, 6700
	remove, ID = 566, 34600
	remove, ID = 92, 19500
	remove, ID = 625, 16300
	remove, ID = 819, 10700
	remove, ID = 699, 9400
	remove, ID = 832, 14200
	remove, ID = 20, 10400
	remove, ID = 593, 4000
	remove, ID = 409, 7500
	remove, ID = 300, 10300
	remove, ID = 477, 3300
	remove, ID = 796, 17700
	remove, ID = 15, 26200
	remove, ID = 612, 4900
	remove, ID = 395, 22600
	remove, ID = 111, 7500
	remove, ID = 355, 69200
	remove, ID = 229, 26200
	remove, ID = 12, 9400
	remove, ID = 91, 12900
	remove, ID = 783, 3700
	remove, ID = 641, 6700
	remove, ID = 199, 11900
	remove, ID = 788, 15600
	remove, ID = 466, 10600
	remove, ID = 559, 3300
	remove, ID = 635, 8200
	remove, ID = 599, 1800
	removeTotal = 19172400
	removeMedium = 19172

