	add, ID = 0, 8800
	add, ID = 1, 18400
	add, ID = 2, 3500
	add, ID = 3, 2400
	add, ID = 4, 1700
	add, ID = 5, 2600
	add, ID = 6, 8100
	add, ID = 7, 2300
	add, ID = 8, 4200
	add, ID = 9, 1500
	add, ID = 10, 6100
	add, ID = 11, 6200
	add, ID = 12, 6100
	add, ID = 13, 3800
	add, ID = 14, 1500
	add, ID = 15, 4200
	add, ID = 16, 6500
	add, ID = 17, 6200
	add, ID = 18, 1300
	add, ID = 19, 1400
	add, ID = 20, 3500
	add, ID = 21, 1200
	add, ID = 22, 1500
	add, ID = 23, 3500
	add, ID = 24, 3500
	add, ID = 25, 3400
	add, ID = 26, 5800
	add, ID = 27, 3700
	add, ID = 28, 2500
	add, ID = 29, 3700
	add, ID = 30, 2800
	add, ID = 31, 8200
	add, ID = 32, 2800
	add, ID = 33, 1800
	add, ID = 34, 1700
	add, ID = 35, 1700
	add, ID = 36, 6400
	add, ID = 37, 6200
	add, ID = 38, 1600
	add, ID = 39, 1400
	add, ID = 40, 3700
	add, ID = 41, 3700
	add, ID = 42, 1300
	add, ID = 43, 6000
	add, ID = 44, 1300
	add, ID = 45, 3500
	add, ID = 46, 5800
	add, ID = 47, 1400
	add, ID = 48, 1400
	add, ID = 49, 3600
	add, ID = 50, 1400
	add, ID = 51, 3700
	add, ID = 52, 1400
	add, ID = 53, 3600
	add, ID = 54, 4700
	add, ID = 55, 16500
	add, ID = 56, 2100
	add, ID = 57, 2300
	add, ID = 58, 19800
	add, ID = 59, 1900
	add, ID = 60, 1400
	add, ID = 61, 1900
	add, ID = 62, 1400
	add, ID = 63, 1900
	add, ID = 64, 1900
	add, ID = 65, 1500
	add, ID = 66, 1200
	add, ID = 67, 2100
	add, ID = 68, 3000
	add, ID = 69, 1400
	add, ID = 70, 4000
	add, ID = 71, 4000
	add, ID = 72, 1400
	add, ID = 73, 3700
	add, ID = 74, 1300
	add, ID = 75, 3700
	add, ID = 76, 1300
	add, ID = 77, 1300
	add, ID = 78, 4000
	add, ID = 79, 14500
	add, ID = 80, 2000
	add, ID = 81, 11300
	add, ID = 82, 2000
	add, ID = 83, 1600
	add, ID = 84, 27600
	add, ID = 85, 1700
	add, ID = 86, 2100
	add, ID = 87, 1800
	add, ID = 88, 4500
	add, ID = 89, 1900
	add, ID = 90, 1700
	add, ID = 91, 7600
	add, ID = 92, 13900
	add, ID = 93, 1900
	add, ID = 94, 1700
	add, ID = 95, 6400
	add, ID = 96, 6200
	add, ID = 97, 1300
	add, ID = 98, 5900
	add, ID = 99, 3500
	addTotal = 28758800
	addMedium = 287588
	remove, ID = 83, 22500
	remove, ID = 41, 11200
	remove, ID = 81, 8800
	remove, ID = 87, 9800
	remove, ID = 79, 4700
	remove, ID = 91, 7700
	remove, ID = 26, 7300
	remove, ID = 53, 6200
	remove, ID = 4, 14100
	remove, ID = 18, 4800
	removeTotal = 2661800
	removeMedium = 26618

	add, ID = 0, 5200
	add, ID = 1, 8000
	add, ID = 2, 466700
	add, ID = 3, 2800
	add, ID = 4, 4400
	add, ID = 5, 2600
	add, ID = 6, 16500
	add, ID = 7, 3600
	add, ID = 8, 2500
	add, ID = 9, 7100
	add, ID = 10, 2200
	add, ID = 11, 2000
	add, ID = 12, 1900
	add, ID = 13, 1800
	add, ID = 14, 2700
	add, ID = 15, 4500
	add, ID = 16, 2200
	add, ID = 17, 3600
	add, ID = 18, 4600
	add, ID = 19, 1800
	add, ID = 20, 2200
	add, ID = 21, 7600
	add, ID = 22, 7200
	add, ID = 23, 1700
	add, ID = 24, 2800
	add, ID = 25, 4100
	add, ID = 26, 2300
	add, ID = 27, 2400
	add, ID = 28, 2800
	add, ID = 29, 4500
	add, ID = 30, 1800
	add, ID = 31, 2100
	add, ID = 32, 1800
	add, ID = 33, 4700
	add, ID = 34, 4600
	add, ID = 35, 2100
	add, ID = 36, 2500
	add, ID = 37, 1900
	add, ID = 38, 1800
	add, ID = 39, 6600
	add, ID = 40, 6800
	add, ID = 41, 2100
	add, ID = 42, 1800
	add, ID = 43, 1600
	add, ID = 44, 1700
	add, ID = 45, 1400
	add, ID = 46, 1800
	add, ID = 47, 6100
	add, ID = 48, 1900
	add, ID = 49, 1800
	add, ID = 50, 6500
	add, ID = 51, 6700
	add, ID = 52, 14100
	add, ID = 53, 1900
	add, ID = 54, 2500
	add, ID = 55, 2000
	add, ID = 56, 2900
	add, ID = 57, 2300
	add, ID = 58, 4200
	add, ID = 59, 1700
	add, ID = 60, 6100
	add, ID = 61, 1500
	add, ID = 62, 1500
	add, ID = 63, 1900
	add, ID = 64, 4000
	add, ID = 65, 4000
	add, ID = 66, 1500
	add, ID = 67, 6100
	add, ID = 68, 2600
	add, ID = 69, 1300
	add, ID = 70, 3700
	add, ID = 71, 1600
	add, ID = 72, 1500
	add, ID = 73, 3700
	add, ID = 74, 1300
	add, ID = 75, 1500
	add, ID = 76, 2200
	add, ID = 77, 6900
	add, ID = 78, 8800
	add, ID = 79, 12500
	add, ID = 80, 2800
	add, ID = 81, 6800
	add, ID = 82, 2100
	add, ID = 83, 1600
	add, ID = 84, 3200
	add, ID = 85, 1600
	add, ID = 86, 1700
	add, ID = 87, 6400
	add, ID = 88, 1600
	add, ID = 89, 1900
	add, ID = 90, 2000
	add, ID = 91, 1500
	add, ID = 92, 6100
	add, ID = 93, 3800
	add, ID = 94, 7000
	add, ID = 95, 2400
	add, ID = 96, 2300
	add, ID = 97, 2400
	add, ID = 98, 3900
	add, ID = 99, 1900
	addTotal = 36119800
	addMedium = 361198
	remove, ID = 67, 17000
	remove, ID = 44, 16500
	remove, ID = 49, 7300
	remove, ID = 92, 16300
	remove, ID = 81, 11500
	remove, ID = 9, 15000
	remove, ID = 30, 7300
	remove, ID = 72, 45000
	remove, ID = 73, 10600
	remove, ID = 28, 6800
	removeTotal = 3306600
	removeMedium = 33066

